<?xml version="1.0" encoding="UTF-8"?>
<!-- Generated by org.testng.reporters.JUnitReportReporter -->
<testsuite hostname="LIN-5CD53088KD" failures="0" tests="3" name="com.runner.TestRunnerTestNG" time="76.568" errors="0" timestamp="2025-11-14T16:15:43 IST" skipped="0">
  <testcase classname="com.runner.TestRunnerTestNG" name="runScenario" time="24.953"/>
  <testcase classname="com.runner.TestRunnerTestNG" name="runScenario" time="26.768"/>
  <testcase classname="com.runner.TestRunnerTestNG" name="runScenario" time="24.847"/>
</testsuite> <!-- com.runner.TestRunnerTestNG -->
