<?xml version="1.0" encoding="UTF-8"?>
<!-- Generated by org.testng.reporters.JUnitReportReporter -->
<testsuite hostname="LIN-5CD53088KD" failures="0" tests="13" name="com.runner.TestRunnerTestNG" time="410.107" errors="0" timestamp="2025-11-16T22:47:31 IST" skipped="0">
  <testcase classname="com.runner.TestRunnerTestNG" name="runScenario" time="26.315"/>
  <testcase classname="com.runner.TestRunnerTestNG" name="runScenario" time="24.935"/>
  <testcase classname="com.runner.TestRunnerTestNG" name="runScenario" time="30.790"/>
  <testcase classname="com.runner.TestRunnerTestNG" name="runScenario" time="34.654"/>
  <testcase classname="com.runner.TestRunnerTestNG" name="runScenario" time="40.122"/>
  <testcase classname="com.runner.TestRunnerTestNG" name="runScenario" time="23.183"/>
  <testcase classname="com.runner.TestRunnerTestNG" name="runScenario" time="20.623"/>
  <testcase classname="com.runner.TestRunnerTestNG" name="runScenario" time="29.286"/>
  <testcase classname="com.runner.TestRunnerTestNG" name="runScenario" time="37.642"/>
  <testcase classname="com.runner.TestRunnerTestNG" name="runScenario" time="33.177"/>
  <testcase classname="com.runner.TestRunnerTestNG" name="runScenario" time="44.960"/>
  <testcase classname="com.runner.TestRunnerTestNG" name="runScenario" time="30.482"/>
  <testcase classname="com.runner.TestRunnerTestNG" name="runScenario" time="33.938"/>
</testsuite> <!-- com.runner.TestRunnerTestNG -->
