<?xml version="1.0" encoding="UTF-8"?>
<testng-results ignored="0" total="7" passed="7" failed="0" skipped="0">
  <reporter-output>
  </reporter-output>
  <suite started-at="2025-11-14T17:51:15 IST" name="Default suite" finished-at="2025-11-14T17:52:41 IST" duration-ms="85488">
    <groups>
      <group name="cucumber">
        <method signature="AbstractTestNGCucumberTests.runScenario(io.cucumber.testng.PickleWrapper,io.cucumber.testng.FeatureWrapper)[pri:0, instance:com.runner.TestRunnerTestNG@f381794]" name="runScenario" class="io.cucumber.testng.AbstractTestNGCucumberTests"/>
      </group> <!-- cucumber -->
    </groups>
    <test started-at="2025-11-14T17:51:15 IST" name="Default test" finished-at="2025-11-14T17:52:41 IST" duration-ms="85488">
      <class name="com.runner.TestRunnerTestNG">
        <test-method is-config="true" signature="setUpClass(org.testng.ITestContext)[pri:0, instance:com.runner.TestRunnerTestNG@f381794]" started-at="2025-11-14T17:51:15 IST" name="setUpClass" finished-at="2025-11-14T17:51:16 IST" duration-ms="849" status="PASS">
          <params>
            <param index="0">
              <value>
                <![CDATA[org.testng.TestRunner@3cf4dec7]]>
              </value>
            </param>
          </params>
          <reporter-output>
          </reporter-output>
        </test-method> <!-- setUpClass -->
        <test-method signature="runScenario(io.cucumber.testng.PickleWrapper,io.cucumber.testng.FeatureWrapper)[pri:0, instance:com.runner.TestRunnerTestNG@f381794]" started-at="2025-11-14T17:51:16 IST" name="runScenario" description="Runs Cucumber Scenarios" data-provider="scenarios" finished-at="2025-11-14T17:51:24 IST" duration-ms="8123" status="PASS">
          <params>
            <param index="0">
              <value>
                <![CDATA["Navigate and click through Ixigo pages"]]>
              </value>
            </param>
            <param index="1">
              <value>
                <![CDATA["Ixigo Navigation Flow"]]>
              </value>
            </param>
          </params>
          <reporter-output>
          </reporter-output>
        </test-method> <!-- runScenario -->
        <test-method signature="runScenario(io.cucumber.testng.PickleWrapper,io.cucumber.testng.FeatureWrapper)[pri:0, instance:com.runner.TestRunnerTestNG@f381794]" started-at="2025-11-14T17:51:24 IST" name="runScenario" description="Runs Cucumber Scenarios" data-provider="scenarios" finished-at="2025-11-14T17:51:32 IST" duration-ms="7480" status="PASS">
          <params>
            <param index="0">
              <value>
                <![CDATA["Navigate and click through Ixigo pages"]]>
              </value>
            </param>
            <param index="1">
              <value>
                <![CDATA["Ixigo Navigation Flow"]]>
              </value>
            </param>
          </params>
          <reporter-output>
          </reporter-output>
        </test-method> <!-- runScenario -->
        <test-method signature="runScenario(io.cucumber.testng.PickleWrapper,io.cucumber.testng.FeatureWrapper)[pri:0, instance:com.runner.TestRunnerTestNG@f381794]" started-at="2025-11-14T17:51:32 IST" name="runScenario" description="Runs Cucumber Scenarios" data-provider="scenarios" finished-at="2025-11-14T17:51:42 IST" duration-ms="10512" status="PASS">
          <params>
            <param index="0">
              <value>
                <![CDATA["Navigate and click through Ixigo pages"]]>
              </value>
            </param>
            <param index="1">
              <value>
                <![CDATA["Ixigo Navigation Flow"]]>
              </value>
            </param>
          </params>
          <reporter-output>
          </reporter-output>
        </test-method> <!-- runScenario -->
        <test-method signature="runScenario(io.cucumber.testng.PickleWrapper,io.cucumber.testng.FeatureWrapper)[pri:0, instance:com.runner.TestRunnerTestNG@f381794]" started-at="2025-11-14T17:51:42 IST" name="runScenario" description="Runs Cucumber Scenarios" data-provider="scenarios" finished-at="2025-11-14T17:51:52 IST" duration-ms="9344" status="PASS">
          <params>
            <param index="0">
              <value>
                <![CDATA["Navigate and click through Ixigo pages"]]>
              </value>
            </param>
            <param index="1">
              <value>
                <![CDATA["Ixigo Navigation Flow"]]>
              </value>
            </param>
          </params>
          <reporter-output>
          </reporter-output>
        </test-method> <!-- runScenario -->
        <test-method signature="runScenario(io.cucumber.testng.PickleWrapper,io.cucumber.testng.FeatureWrapper)[pri:0, instance:com.runner.TestRunnerTestNG@f381794]" started-at="2025-11-14T17:51:52 IST" name="runScenario" description="Runs Cucumber Scenarios" data-provider="scenarios" finished-at="2025-11-14T17:52:01 IST" duration-ms="9109" status="PASS">
          <params>
            <param index="0">
              <value>
                <![CDATA["Navigate and click through Ixigo pages"]]>
              </value>
            </param>
            <param index="1">
              <value>
                <![CDATA["Ixigo Navigation Flow"]]>
              </value>
            </param>
          </params>
          <reporter-output>
          </reporter-output>
        </test-method> <!-- runScenario -->
        <test-method signature="runScenario(io.cucumber.testng.PickleWrapper,io.cucumber.testng.FeatureWrapper)[pri:0, instance:com.runner.TestRunnerTestNG@f381794]" started-at="2025-11-14T17:52:01 IST" name="runScenario" description="Runs Cucumber Scenarios" data-provider="scenarios" finished-at="2025-11-14T17:52:24 IST" duration-ms="22984" status="PASS">
          <params>
            <param index="0">
              <value>
                <![CDATA["Navigate and click through Ixigo pages"]]>
              </value>
            </param>
            <param index="1">
              <value>
                <![CDATA["Ixigo Navigation Flow"]]>
              </value>
            </param>
          </params>
          <reporter-output>
          </reporter-output>
        </test-method> <!-- runScenario -->
        <test-method signature="runScenario(io.cucumber.testng.PickleWrapper,io.cucumber.testng.FeatureWrapper)[pri:0, instance:com.runner.TestRunnerTestNG@f381794]" started-at="2025-11-14T17:52:24 IST" name="runScenario" description="Runs Cucumber Scenarios" data-provider="scenarios" finished-at="2025-11-14T17:52:41 IST" duration-ms="16987" status="PASS">
          <params>
            <param index="0">
              <value>
                <![CDATA["Navigate and click through Ixigo pages"]]>
              </value>
            </param>
            <param index="1">
              <value>
                <![CDATA["Ixigo Navigation Flow"]]>
              </value>
            </param>
          </params>
          <reporter-output>
          </reporter-output>
        </test-method> <!-- runScenario -->
        <test-method is-config="true" signature="tearDownClass()[pri:0, instance:com.runner.TestRunnerTestNG@f381794]" started-at="2025-11-14T17:52:41 IST" name="tearDownClass" finished-at="2025-11-14T17:52:41 IST" duration-ms="34" status="PASS">
          <reporter-output>
          </reporter-output>
        </test-method> <!-- tearDownClass -->
      </class> <!-- com.runner.TestRunnerTestNG -->
    </test> <!-- Default test -->
  </suite> <!-- Default suite -->
</testng-results>
