<?xml version="1.0" encoding="UTF-8"?>
<!-- Generated by org.testng.reporters.JUnitReportReporter -->
<testsuite hostname="LIN-5CD53088KT" failures="0" tests="3" name="com.runner.TestRunner" time="47.797" errors="1" timestamp="2025-11-12T16:28:17 IST" skipped="0">
  <testcase classname="com.runner.TestRunner" name="runScenario" time="11.514">
    <error message="The step &#039;I should see a list of available hotels matching the criterias&#039; is undefined.
You can implement this step using the snippet(s) below:

@Then(&quot;I should see a list of available hotels matching the criterias&quot;)
public void i_should_see_a_list_of_available_hotels_matching_the_criterias() {
    // Write code here that turns the phrase above into concrete actions
    throw new io.cucumber.java.PendingException();
}
" type="io.cucumber.testng.UndefinedStepException">
      <![CDATA[io.cucumber.testng.UndefinedStepException: The step 'I should see a list of available hotels matching the criterias' is undefined.
You can implement this step using the snippet(s) below:

@Then("I should see a list of available hotels matching the criterias")
public void i_should_see_a_list_of_available_hotels_matching_the_criterias() {
    // Write code here that turns the phrase above into concrete actions
    throw new io.cucumber.java.PendingException();
}

at âœ½.I should see a list of available hotels matching the criterias(file:///C:/Users/siddach/trainingss/ixigo/./src/test/resources/com/features/Hotelspage.feature:22)
]]>
    </error>
  </testcase> <!-- runScenario -->
  <testcase classname="com.runner.TestRunner" name="runScenario" time="12.951"/>
  <testcase classname="com.runner.TestRunner" name="runScenario" time="23.332"/>
</testsuite> <!-- com.runner.TestRunner -->
