<?xml version="1.0" encoding="UTF-8"?>
<!-- Generated by org.testng.reporters.JUnitReportReporter -->
<testsuite hostname="LIN-5CD53088KD" failures="0" tests="2" name="com.runner.TestRunnerTestNG" time="44.683" errors="1" timestamp="2025-11-11T22:33:43 IST" skipped="0">
  <testcase classname="com.runner.TestRunnerTestNG" name="runScenario" time="28.845">
    <error message="The step &#039;click on Book Now button&#039; and 1 other step(s) are undefined.
You can implement these steps using the snippet(s) below:

@Then(&quot;click on Book Now button&quot;)
public void click_on_book_now_button() {
    // Write code here that turns the phrase above into concrete actions
    throw new io.cucumber.java.PendingException();
}
@Then(&quot;user is navigated to Booking page&quot;)
public void user_is_navigated_to_booking_page() {
    // Write code here that turns the phrase above into concrete actions
    throw new io.cucumber.java.PendingException();
}
" type="io.cucumber.testng.UndefinedStepException">
      <![CDATA[io.cucumber.testng.UndefinedStepException: The step 'click on Book Now button' and 1 other step(s) are undefined.
You can implement these steps using the snippet(s) below:

@Then("click on Book Now button")
public void click_on_book_now_button() {
    // Write code here that turns the phrase above into concrete actions
    throw new io.cucumber.java.PendingException();
}
@Then("user is navigated to Booking page")
public void user_is_navigated_to_booking_page() {
    // Write code here that turns the phrase above into concrete actions
    throw new io.cucumber.java.PendingException();
}

at âœ½.click on Book Now button(file:///C:/Users/koteru/Sprint/Ixigo/./src/test/resources/com/features/Platform.feature:17)
]]>
    </error>
  </testcase> <!-- runScenario -->
  <testcase classname="com.runner.TestRunnerTestNG" name="runScenario" time="15.838"/>
</testsuite> <!-- com.runner.TestRunnerTestNG -->
