<?xml version="1.0" encoding="UTF-8"?>
<!-- Generated by org.testng.reporters.JUnitReportReporter -->
<testsuite hostname="LIN-5CD53088KT" failures="0" tests="7" name="com.runner.TestRunner" time="181.019" errors="0" timestamp="2025-11-16T20:45:57 IST" skipped="0">
  <testcase classname="com.runner.TestRunner" name="runScenario" time="33.769"/>
  <testcase classname="com.runner.TestRunner" name="runScenario" time="27.524"/>
  <testcase classname="com.runner.TestRunner" name="runScenario" time="36.697"/>
  <testcase classname="com.runner.TestRunner" name="runScenario" time="37.511"/>
  <testcase classname="com.runner.TestRunner" name="runScenario" time="16.594"/>
  <testcase classname="com.runner.TestRunner" name="runScenario" time="12.217"/>
  <testcase classname="com.runner.TestRunner" name="runScenario" time="16.707"/>
</testsuite> <!-- com.runner.TestRunner -->
