<?xml version="1.0" encoding="UTF-8"?>
<!-- Generated by org.testng.reporters.JUnitReportReporter -->
<testsuite hostname="LIN-5CD53088KT" failures="0" tests="5" name="com.runner.TestRunner" time="110.406" errors="0" timestamp="2025-11-14T18:07:24 IST" skipped="0">
  <testcase classname="com.runner.TestRunner" name="runScenario" time="31.855"/>
  <testcase classname="com.runner.TestRunner" name="runScenario" time="10.168"/>
  <testcase classname="com.runner.TestRunner" name="runScenario" time="10.229"/>
  <testcase classname="com.runner.TestRunner" name="runScenario" time="28.704"/>
  <testcase classname="com.runner.TestRunner" name="runScenario" time="29.450"/>
</testsuite> <!-- com.runner.TestRunner -->
