<?xml version="1.0" encoding="UTF-8"?>
<!-- Generated by org.testng.reporters.JUnitReportReporter -->
<testsuite hostname="LIN-5CD53088KT" failures="0" tests="8" name="com.runner.TestRunner" time="216.185" errors="0" timestamp="2025-11-17T20:18:53 IST" skipped="0">
  <testcase classname="com.runner.TestRunner" name="runScenario" time="18.758"/>
  <testcase classname="com.runner.TestRunner" name="runScenario" time="13.389"/>
  <testcase classname="com.runner.TestRunner" name="runScenario" time="38.441"/>
  <testcase classname="com.runner.TestRunner" name="runScenario" time="36.778"/>
  <testcase classname="com.runner.TestRunner" name="runScenario" time="36.803"/>
  <testcase classname="com.runner.TestRunner" name="runScenario" time="34.161"/>
  <testcase classname="com.runner.TestRunner" name="runScenario" time="17.891"/>
  <testcase classname="com.runner.TestRunner" name="runScenario" time="19.964"/>
</testsuite> <!-- com.runner.TestRunner -->
