<?xml version="1.0" encoding="UTF-8"?>
<!-- Generated by org.testng.reporters.JUnitXMLReporter -->
<testsuite ignored="0" hostname="LIN-5CD53088GN" failures="2" tests="4" name="Default test" time="35.056" errors="0" timestamp="2025-11-12T23:07:35 IST">
  <testcase classname="io.cucumber.testng.AbstractTestNGCucumberTests" name="runScenario" time="7.236"/>
  <testcase classname="io.cucumber.testng.AbstractTestNGCucumberTests" name="runScenario" time="7.794"/>
  <testcase classname="io.cucumber.testng.AbstractTestNGCucumberTests" name="runScenario" time="8.788">
    <failure type="java.lang.AssertionError" message="Search results page not displayed!">
      <![CDATA[java.lang.AssertionError: Search results page not displayed!
at com.StepDefinitionTestNG.Profile.then_navigates_to_the_buses_search_page(Profile.java:106)
at ✽.then navigates to the Buses search page(file:///C:/Training%20vvat/JAVA/Ixigo%20Bus/Ixigo/./src/test/resources/com/features/Search.feature:25)
]]>
    </failure>
  </testcase> <!-- runScenario -->
  <testcase classname="io.cucumber.testng.AbstractTestNGCucumberTests" name="runScenario" time="8.265">
    <failure type="java.lang.AssertionError" message="Search results page not displayed!">
      <![CDATA[java.lang.AssertionError: Search results page not displayed!
at com.StepDefinitionTestNG.Profile.then_navigates_to_the_buses_search_page(Profile.java:106)
at ✽.then navigates to the Buses search page(file:///C:/Training%20vvat/JAVA/Ixigo%20Bus/Ixigo/./src/test/resources/com/features/Search.feature:25)
]]>
    </failure>
  </testcase> <!-- runScenario -->
</testsuite> <!-- Default test -->
