<?xml version="1.0" encoding="UTF-8"?>
<!-- Generated by org.testng.reporters.JUnitXMLReporter -->
<testsuite ignored="0" hostname="LIN-5CD53088JG" failures="1" tests="1" name="Default test" time="7.688" errors="0" timestamp="2025-11-17T22:24:03 IST">
  <testcase classname="io.cucumber.testng.AbstractTestNGCucumberTests" name="runScenario" time="6.582">
    <failure type="org.openqa.selenium.ElementClickInterceptedException" message="element click intercepted: Element &amp;lt;p class=&amp;quot;body-sm text-xl text-secondary&amp;quot;&amp;gt;...&amp;lt;/p&amp;gt; is not clickable at point (427, 130). Other element would receive the click: &amp;lt;iframe scrolling=&amp;quot;no&amp;quot; id=&amp;quot;wiz-iframe-intent&amp;quot; style=&amp;quot;z-index: 2147483647; display:block; height: 100% !important; width: 100% !important;min-height:80px !important;border:0px !important; border-color:none !important;&amp;quot; srcdoc=&amp;quot;&amp;amp;lt;html&amp;amp;gt;
 &amp;amp;lt;head&amp;amp;gt;
  &amp;amp;lt;style type=&amp;amp;quot;text/css&amp;amp;quot;&amp;amp;gt;body{font-family: -apple-system,BlinkMacSystemFont,&amp;amp;quot;Segoe UI&amp;amp;quot;,Roboto,Oxygen,Ubuntu,Cantarell,&amp;amp;quot;Open Sans&amp;amp;quot;,&amp;amp;quot;Helvetica Neue&amp;amp;quot;,sans-serif;}.CT_InterstitialOuter{display: table;position: fixed;top: 0;left: 0;height: 100%;width: 100%;transform: translateZ(0);}.CT_InterstitialWrapper{display:table-cell;vertical-align:middle}.CT_Interstitial{display:-webkit-box;display:-ms-flexbox;display:flex;-webkit-box-align:center;-ms-flex-align:center;align-items:center;-webkit-box-pack:center;ms-flex-pack:center;justify-content:center;-webkit-box-orient:vertical;-webkit-box-direction:normal;-ms-flex-direction:column;flex-direction:column;width:100%;max-width:600px;margin-left:auto;margin-right:auto;padding:20px;background-color:undefined;color:undefined;text-align:center;box-sizing:border-box;position:relative;border-radius:8px}.CT_InterstitialClose{cursor:pointer;position:absolute;top:-10px;right:-10px;z-index:2147483647;font-size:18px;font-weight:700;text-decoration:none;width:25px;height:25px;text-align:center;-webkit-appearance:none;line-height:22px;background:#353535;border:2px solid #fff;border-radius:100%;color:#fff}@media only screen and (max-width:768px){.CT_Interstitial{width:85%}}@media only screen and (max-width:480px){.CT_Interstitial{width:80%}}&amp;amp;lt;/style&amp;amp;gt;
 &amp;amp;lt;/head&amp;amp;gt;
 &amp;amp;lt;body&amp;amp;gt;
  &amp;amp;lt;div id=&amp;amp;quot;contentDiv&amp;amp;quot; class=&amp;amp;quot;CT_InterstitialOuter&amp;amp;quot;&amp;amp;gt;
   &amp;amp;lt;div class=&amp;amp;quot;CT_InterstitialWrapper&amp;amp;quot;&amp;amp;gt;
    &amp;amp;lt;div class=&amp;amp;quot;CT_Interstitial&amp;amp;quot;&amp;amp;gt;
     &amp;amp;lt;style type=&amp;amp;quot;text/css&amp;amp;quot;&amp;amp;gt;
.CT_Interstitial {
background-color: #fffeeb;
padding: 0px !important;
max-width: 50%;
border-radius: 25px;
}
.popupImg {
border-radius: 20px;
}
&amp;amp;lt;/style&amp;amp;gt; &amp;amp;lt;button id=&amp;amp;quot;closeButton&amp;amp;quot; class=&amp;amp;quot;btn&amp;amp;quot; style=&amp;amp;quot;position: absolute; top: 10px; right: 10px; width: 30px; height: 30px; border: none; border-radius: 50%; background-color: black; display: flex; justify-content: center; align-items: center; cursor: pointer; box-shadow: 0 0 5px rgba(0, 0, 0, 0.2);&amp;amp;quot; wzrk_c2a=&amp;amp;quot;&amp;amp;quot;&amp;amp;gt; &amp;amp;lt;span style=&amp;amp;quot;font-size: 26px; line-height: 16px; color: white; font-weight: bold;&amp;amp;quot;&amp;amp;gt;×&amp;amp;lt;/span&amp;amp;gt; &amp;amp;lt;/button&amp;amp;gt; 
     &amp;amp;lt;img id=&amp;amp;quot;popupImage&amp;amp;quot; class=&amp;amp;quot;popupImg&amp;amp;quot; src=&amp;amp;quot;https://images.ixigo.com/image/upload/welcome/f22621efab11ca489cf6fc4bc4b2ee82-cqwpy.webp&amp;amp;quot; style=&amp;amp;quot;max-width: 100%;&amp;amp;quot;&amp;amp;gt; 
     &amp;amp;lt;script&amp;amp;gt;
var btn = document.getElementById(&amp;apos;closeButton&amp;apos;);
var popupImage = document.getElementById(&amp;apos;popupImage&amp;apos;);
var contentDiv = document.getElementById(&amp;apos;contentDiv&amp;apos;);
var overlay = window.parent.document.getElementById(&amp;apos;intentOpacityDiv&amp;apos;);
var wrapper = window.parent.document.getElementById(&amp;apos;intentPreview&amp;apos;);

btn.addEventListener(&amp;apos;click&amp;apos;, closePopUp);
contentDiv.addEventListener(&amp;apos;click&amp;apos;, handleOutsideClick);
popupImage.addEventListener(&amp;apos;click&amp;apos;, navigateToHotels);

function closePopUp() { 
setTimeout(() =&amp;amp;gt; {
overlay.remove(); 
wrapper.remove();
}, 0); 
}

function handleOutsideClick(event) {
closePopUp();
}

function navigateToHotels(event) {
event.stopPropagation();
window.parent.location.href = &amp;apos;https://www.ixigo.com/&amp;apos;;
}
&amp;amp;lt;/script&amp;amp;gt;
    &amp;amp;lt;/div&amp;amp;gt;
   &amp;amp;lt;/div&amp;amp;gt;
  &amp;amp;lt;/div&amp;amp;gt;
 &amp;amp;lt;script&amp;amp;gt;
      const ct__camapignId = &amp;apos;1763357011_20251117&amp;apos;;
      const ct__formatVal = (v) =&amp;amp;gt; {
          return v &amp;amp;amp;&amp;amp;amp; v.trim().substring(0, 20);
      }
      const ct__parentOrigin =  window.parent.origin;
      document.body.addEventListener(&amp;apos;click&amp;apos;, (event) =&amp;amp;gt; {
        const elem = event.target.closest?.(&amp;apos;a[wzrk_c2a], button[wzrk_c2a]&amp;apos;);
        if (elem) {
            const {innerText, id, name, value, href} = elem;
            const clickAttr = elem.getAttribute(&amp;apos;onclick&amp;apos;) || elem.getAttribute(&amp;apos;click&amp;apos;);
            const onclickURL = clickAttr?.match(/(window.open)[(](&amp;amp;quot;|&amp;apos;)(.*)(&amp;amp;quot;|&amp;apos;,)/)?.[3] || clickAttr?.match(/(location.href *= *)(&amp;amp;quot;|&amp;apos;)(.*)(&amp;amp;quot;|&amp;apos;)/)?.[3];
            const props = {innerText, id, name, value};
            let msgCTkv = Object.keys(props).reduce((acc, c) =&amp;amp;gt; {
                const formattedVal = ct__formatVal(props[c]);
                formattedVal &amp;amp;amp;&amp;amp;amp; (acc[&amp;apos;wzrk_click_&amp;apos; + c] = formattedVal);
                return acc;
            }, {});
            if(onclickURL) { msgCTkv[&amp;apos;wzrk_click_&amp;apos; + &amp;apos;url&amp;apos;] = onclickURL; }
            if(href) { msgCTkv[&amp;apos;wzrk_click_&amp;apos; + &amp;apos;c2a&amp;apos;] = href; }
            const notifData = { msgId: ct__camapignId, msgCTkv, pivotId: &amp;apos;wzrk_default&amp;apos; };
            window.parent.clevertap.renderNotificationClicked(notifData);
        }
      });
      &amp;amp;lt;/script&amp;amp;gt;
    
&amp;amp;lt;/body&amp;amp;gt;
&amp;amp;lt;/html&amp;amp;gt;&amp;quot;&amp;gt;&amp;lt;/iframe&amp;gt;
  (Session info: chrome=142.0.7444.163)
Build info: version: &amp;apos;4.34.0&amp;apos;, revision: &amp;apos;707dcb4246*&amp;apos;
System info: os.name: &amp;apos;Windows 11&amp;apos;, os.arch: &amp;apos;amd64&amp;apos;, os.version: &amp;apos;10.0&amp;apos;, java.version: &amp;apos;23.0.2&amp;apos;
Driver info: org.openqa.selenium.chrome.ChromeDriver
Command: [01624329aea76cb9e99ab87020160ef3, clickElement {id=f.DE7F2578C2BE1AB86066E08A4969318E.d.D474B0F237BFB8B91877A9E533669061.e.145}]
Capabilities {acceptInsecureCerts: false, browserName: chrome, browserVersion: 142.0.7444.163, chrome: {chromedriverVersion: 142.0.7444.162 (c076baf266c..., userDataDir: C:\Users\vangas\AppData\Loc...}, fedcm:accounts: true, goog:chromeOptions: {debuggerAddress: localhost:63811}, goog:processID: 19852, networkConnectionEnabled: false, pageLoadStrategy: normal, platformName: windows, proxy: Proxy(), se:cdp: ws://localhost:63811/devtoo..., se:cdpVersion: 142.0.7444.163, setWindowRect: true, strictFileInteractability: false, timeouts: {implicit: 0, pageLoad: 300000, script: 30000}, unhandledPromptBehavior: dismiss and notify, webauthn:extension:credBlob: true, webauthn:extension:largeBlob: true, webauthn:extension:minPinLength: true, webauthn:extension:prf: true, webauthn:virtualAuthenticators: true}
Element: [[ChromeDriver: chrome on windows (01624329aea76cb9e99ab87020160ef3)] -&amp;gt; xpath: (//p[contains(text(),&amp;apos;Trains&amp;apos;)])[2]]
Session ID: 01624329aea76cb9e99ab87020160ef3">
      <![CDATA[org.openqa.selenium.ElementClickInterceptedException: element click intercepted: Element <p class="body-sm text-xl text-secondary">...</p> is not clickable at point (427, 130). Other element would receive the click: <iframe scrolling="no" id="wiz-iframe-intent" style="z-index: 2147483647; display:block; height: 100% !important; width: 100% !important;min-height:80px !important;border:0px !important; border-color:none !important;" srcdoc="&lt;html&gt;
 &lt;head&gt;
  &lt;style type=&quot;text/css&quot;&gt;body{font-family: -apple-system,BlinkMacSystemFont,&quot;Segoe UI&quot;,Roboto,Oxygen,Ubuntu,Cantarell,&quot;Open Sans&quot;,&quot;Helvetica Neue&quot;,sans-serif;}.CT_InterstitialOuter{display: table;position: fixed;top: 0;left: 0;height: 100%;width: 100%;transform: translateZ(0);}.CT_InterstitialWrapper{display:table-cell;vertical-align:middle}.CT_Interstitial{display:-webkit-box;display:-ms-flexbox;display:flex;-webkit-box-align:center;-ms-flex-align:center;align-items:center;-webkit-box-pack:center;ms-flex-pack:center;justify-content:center;-webkit-box-orient:vertical;-webkit-box-direction:normal;-ms-flex-direction:column;flex-direction:column;width:100%;max-width:600px;margin-left:auto;margin-right:auto;padding:20px;background-color:undefined;color:undefined;text-align:center;box-sizing:border-box;position:relative;border-radius:8px}.CT_InterstitialClose{cursor:pointer;position:absolute;top:-10px;right:-10px;z-index:2147483647;font-size:18px;font-weight:700;text-decoration:none;width:25px;height:25px;text-align:center;-webkit-appearance:none;line-height:22px;background:#353535;border:2px solid #fff;border-radius:100%;color:#fff}@media only screen and (max-width:768px){.CT_Interstitial{width:85%}}@media only screen and (max-width:480px){.CT_Interstitial{width:80%}}&lt;/style&gt;
 &lt;/head&gt;
 &lt;body&gt;
  &lt;div id=&quot;contentDiv&quot; class=&quot;CT_InterstitialOuter&quot;&gt;
   &lt;div class=&quot;CT_InterstitialWrapper&quot;&gt;
    &lt;div class=&quot;CT_Interstitial&quot;&gt;
     &lt;style type=&quot;text/css&quot;&gt;
.CT_Interstitial {
background-color: #fffeeb;
padding: 0px !important;
max-width: 50%;
border-radius: 25px;
}
.popupImg {
border-radius: 20px;
}
&lt;/style&gt; &lt;button id=&quot;closeButton&quot; class=&quot;btn&quot; style=&quot;position: absolute; top: 10px; right: 10px; width: 30px; height: 30px; border: none; border-radius: 50%; background-color: black; display: flex; justify-content: center; align-items: center; cursor: pointer; box-shadow: 0 0 5px rgba(0, 0, 0, 0.2);&quot; wzrk_c2a=&quot;&quot;&gt; &lt;span style=&quot;font-size: 26px; line-height: 16px; color: white; font-weight: bold;&quot;&gt;×&lt;/span&gt; &lt;/button&gt; 
     &lt;img id=&quot;popupImage&quot; class=&quot;popupImg&quot; src=&quot;https://images.ixigo.com/image/upload/welcome/f22621efab11ca489cf6fc4bc4b2ee82-cqwpy.webp&quot; style=&quot;max-width: 100%;&quot;&gt; 
     &lt;script&gt;
var btn = document.getElementById('closeButton');
var popupImage = document.getElementById('popupImage');
var contentDiv = document.getElementById('contentDiv');
var overlay = window.parent.document.getElementById('intentOpacityDiv');
var wrapper = window.parent.document.getElementById('intentPreview');

btn.addEventListener('click', closePopUp);
contentDiv.addEventListener('click', handleOutsideClick);
popupImage.addEventListener('click', navigateToHotels);

function closePopUp() { 
setTimeout(() =&gt; {
overlay.remove(); 
wrapper.remove();
}, 0); 
}

function handleOutsideClick(event) {
closePopUp();
}

function navigateToHotels(event) {
event.stopPropagation();
window.parent.location.href = 'https://www.ixigo.com/';
}
&lt;/script&gt;
    &lt;/div&gt;
   &lt;/div&gt;
  &lt;/div&gt;
 &lt;script&gt;
      const ct__camapignId = '1763357011_20251117';
      const ct__formatVal = (v) =&gt; {
          return v &amp;&amp; v.trim().substring(0, 20);
      }
      const ct__parentOrigin =  window.parent.origin;
      document.body.addEventListener('click', (event) =&gt; {
        const elem = event.target.closest?.('a[wzrk_c2a], button[wzrk_c2a]');
        if (elem) {
            const {innerText, id, name, value, href} = elem;
            const clickAttr = elem.getAttribute('onclick') || elem.getAttribute('click');
            const onclickURL = clickAttr?.match(/(window.open)[(](&quot;|')(.*)(&quot;|',)/)?.[3] || clickAttr?.match(/(location.href *= *)(&quot;|')(.*)(&quot;|')/)?.[3];
            const props = {innerText, id, name, value};
            let msgCTkv = Object.keys(props).reduce((acc, c) =&gt; {
                const formattedVal = ct__formatVal(props[c]);
                formattedVal &amp;&amp; (acc['wzrk_click_' + c] = formattedVal);
                return acc;
            }, {});
            if(onclickURL) { msgCTkv['wzrk_click_' + 'url'] = onclickURL; }
            if(href) { msgCTkv['wzrk_click_' + 'c2a'] = href; }
            const notifData = { msgId: ct__camapignId, msgCTkv, pivotId: 'wzrk_default' };
            window.parent.clevertap.renderNotificationClicked(notifData);
        }
      });
      &lt;/script&gt;
    
&lt;/body&gt;
&lt;/html&gt;"></iframe>
  (Session info: chrome=142.0.7444.163)
Build info: version: '4.34.0', revision: '707dcb4246*'
System info: os.name: 'Windows 11', os.arch: 'amd64', os.version: '10.0', java.version: '23.0.2'
Driver info: org.openqa.selenium.chrome.ChromeDriver
Command: [01624329aea76cb9e99ab87020160ef3, clickElement {id=f.DE7F2578C2BE1AB86066E08A4969318E.d.D474B0F237BFB8B91877A9E533669061.e.145}]
Capabilities {acceptInsecureCerts: false, browserName: chrome, browserVersion: 142.0.7444.163, chrome: {chromedriverVersion: 142.0.7444.162 (c076baf266c..., userDataDir: C:\Users\vangas\AppData\Loc...}, fedcm:accounts: true, goog:chromeOptions: {debuggerAddress: localhost:63811}, goog:processID: 19852, networkConnectionEnabled: false, pageLoadStrategy: normal, platformName: windows, proxy: Proxy(), se:cdp: ws://localhost:63811/devtoo..., se:cdpVersion: 142.0.7444.163, setWindowRect: true, strictFileInteractability: false, timeouts: {implicit: 0, pageLoad: 300000, script: 30000}, unhandledPromptBehavior: dismiss and notify, webauthn:extension:credBlob: true, webauthn:extension:largeBlob: true, webauthn:extension:minPinLength: true, webauthn:extension:prf: true, webauthn:virtualAuthenticators: true}
Element: [[ChromeDriver: chrome on windows (01624329aea76cb9e99ab87020160ef3)] -> xpath: (//p[contains(text(),'Trains')])[2]]
Session ID: 01624329aea76cb9e99ab87020160ef3
at java.base/jdk.internal.reflect.DirectConstructorHandleAccessor.newInstance(DirectConstructorHandleAccessor.java:62)
at java.base/java.lang.reflect.Constructor.newInstanceWithCaller(Constructor.java:501)
at java.base/java.lang.reflect.Constructor.newInstance(Constructor.java:485)
at org.openqa.selenium.remote.ErrorCodec.decode(ErrorCodec.java:167)
at org.openqa.selenium.remote.codec.w3c.W3CHttpResponseCodec.decode(W3CHttpResponseCodec.java:138)
at org.openqa.selenium.remote.codec.w3c.W3CHttpResponseCodec.decode(W3CHttpResponseCodec.java:50)
at org.openqa.selenium.remote.HttpCommandExecutor.execute(HttpCommandExecutor.java:215)
at org.openqa.selenium.remote.service.DriverCommandExecutor.invokeExecute(DriverCommandExecutor.java:216)
at org.openqa.selenium.remote.service.DriverCommandExecutor.execute(DriverCommandExecutor.java:174)
at org.openqa.selenium.remote.RemoteWebDriver.execute(RemoteWebDriver.java:544)
at org.openqa.selenium.remote.RemoteWebElement.execute(RemoteWebElement.java:223)
at org.openqa.selenium.remote.RemoteWebElement.click(RemoteWebElement.java:76)
at java.base/jdk.internal.reflect.DirectMethodHandleAccessor.invoke(DirectMethodHandleAccessor.java:103)
at java.base/java.lang.reflect.Method.invoke(Method.java:580)
at org.openqa.selenium.support.pagefactory.internal.LocatingElementHandler.invoke(LocatingElementHandler.java:51)
at jdk.proxy2/jdk.proxy2.$Proxy24.click(Unknown Source)
at com.pages.HomePage.clickTrainsLink(HomePage.java:128)
at com.stepDefinitionTestNG.TrainsPage.the_user_clicks_on_trains(TrainsPage.java:35)
at ✽.the user clicks on trains(file:///C:/Users/vangas/Ixigo%20Website/IxigoTrains/./src/test/resources/com/features/Login.feature:5)
]]>
    </failure>
  </testcase> <!-- runScenario -->
</testsuite> <!-- Default test -->
