<?xml version="1.0" encoding="UTF-8"?>
<testng-results ignored="0" total="4" passed="2" failed="2" skipped="0">
  <reporter-output>
  </reporter-output>
  <suite started-at="2025-11-12T23:07:00 IST" name="Default suite" finished-at="2025-11-12T23:07:35 IST" duration-ms="35056">
    <groups>
      <group name="cucumber">
        <method signature="AbstractTestNGCucumberTests.runScenario(io.cucumber.testng.PickleWrapper,io.cucumber.testng.FeatureWrapper)[pri:0, instance:com.runner.TestRunnerTestNG@1649b0e6]" name="runScenario" class="io.cucumber.testng.AbstractTestNGCucumberTests"/>
      </group> <!-- cucumber -->
    </groups>
    <test started-at="2025-11-12T23:07:00 IST" name="Default test" finished-at="2025-11-12T23:07:35 IST" duration-ms="35056">
      <class name="com.runner.TestRunnerTestNG">
        <test-method is-config="true" signature="setUpClass(org.testng.ITestContext)[pri:0, instance:com.runner.TestRunnerTestNG@1649b0e6]" started-at="2025-11-12T23:07:00 IST" name="setUpClass" finished-at="2025-11-12T23:07:02 IST" duration-ms="1472" status="PASS">
          <params>
            <param index="0">
              <value>
                <![CDATA[org.testng.TestRunner@4733f6f5]]>
              </value>
            </param>
          </params>
          <reporter-output>
          </reporter-output>
        </test-method> <!-- setUpClass -->
        <test-method signature="runScenario(io.cucumber.testng.PickleWrapper,io.cucumber.testng.FeatureWrapper)[pri:0, instance:com.runner.TestRunnerTestNG@1649b0e6]" started-at="2025-11-12T23:07:02 IST" name="runScenario" description="Runs Cucumber Scenarios" data-provider="scenarios" finished-at="2025-11-12T23:07:09 IST" duration-ms="7236" status="PASS">
          <params>
            <param index="0">
              <value>
                <![CDATA["Validate navigation from Ixigo Home page to Offers page"]]>
              </value>
            </param>
            <param index="1">
              <value>
                <![CDATA["Validate Ixigo Offers Page Navigation"]]>
              </value>
            </param>
          </params>
          <reporter-output>
          </reporter-output>
        </test-method> <!-- runScenario -->
        <test-method signature="runScenario(io.cucumber.testng.PickleWrapper,io.cucumber.testng.FeatureWrapper)[pri:0, instance:com.runner.TestRunnerTestNG@1649b0e6]" started-at="2025-11-12T23:07:09 IST" name="runScenario" description="Runs Cucumber Scenarios" data-provider="scenarios" finished-at="2025-11-12T23:07:17 IST" duration-ms="7794" status="PASS">
          <params>
            <param index="0">
              <value>
                <![CDATA["Verify navigation to Track Ticket page and UI elements"]]>
              </value>
            </param>
            <param index="1">
              <value>
                <![CDATA["Validate Ixigo Offers Page Navigation"]]>
              </value>
            </param>
          </params>
          <reporter-output>
          </reporter-output>
        </test-method> <!-- runScenario -->
        <test-method signature="runScenario(io.cucumber.testng.PickleWrapper,io.cucumber.testng.FeatureWrapper)[pri:0, instance:com.runner.TestRunnerTestNG@1649b0e6]" started-at="2025-11-12T23:07:17 IST" name="runScenario" description="Runs Cucumber Scenarios" data-provider="scenarios" finished-at="2025-11-12T23:07:26 IST" duration-ms="8788" status="FAIL">
          <params>
            <param index="0">
              <value>
                <![CDATA["Verify user can navigate to Bus Offers and perform search"]]>
              </value>
            </param>
            <param index="1">
              <value>
                <![CDATA["Validate Ixigo Offers Page Navigation"]]>
              </value>
            </param>
          </params>
          <exception class="java.lang.AssertionError">
            <message>
              <![CDATA[Search results page not displayed!]]>
            </message>
            <full-stacktrace>
              <![CDATA[java.lang.AssertionError: Search results page not displayed!
at com.StepDefinitionTestNG.Profile.then_navigates_to_the_buses_search_page(Profile.java:106)
at ✽.then navigates to the Buses search page(file:///C:/Training%20vvat/JAVA/Ixigo%20Bus/Ixigo/./src/test/resources/com/features/Search.feature:25)
]]>
            </full-stacktrace>
          </exception> <!-- java.lang.AssertionError -->
          <reporter-output>
          </reporter-output>
        </test-method> <!-- runScenario -->
        <test-method signature="runScenario(io.cucumber.testng.PickleWrapper,io.cucumber.testng.FeatureWrapper)[pri:0, instance:com.runner.TestRunnerTestNG@1649b0e6]" started-at="2025-11-12T23:07:26 IST" name="runScenario" description="Runs Cucumber Scenarios" data-provider="scenarios" finished-at="2025-11-12T23:07:34 IST" duration-ms="8265" status="FAIL">
          <params>
            <param index="0">
              <value>
                <![CDATA["Verify user can navigate to Bus Offers and perform search"]]>
              </value>
            </param>
            <param index="1">
              <value>
                <![CDATA["Validate Ixigo Offers Page Navigation"]]>
              </value>
            </param>
          </params>
          <exception class="java.lang.AssertionError">
            <message>
              <![CDATA[Search results page not displayed!]]>
            </message>
            <full-stacktrace>
              <![CDATA[java.lang.AssertionError: Search results page not displayed!
at com.StepDefinitionTestNG.Profile.then_navigates_to_the_buses_search_page(Profile.java:106)
at ✽.then navigates to the Buses search page(file:///C:/Training%20vvat/JAVA/Ixigo%20Bus/Ixigo/./src/test/resources/com/features/Search.feature:25)
]]>
            </full-stacktrace>
          </exception> <!-- java.lang.AssertionError -->
          <reporter-output>
          </reporter-output>
        </test-method> <!-- runScenario -->
        <test-method is-config="true" signature="tearDownClass()[pri:0, instance:com.runner.TestRunnerTestNG@1649b0e6]" started-at="2025-11-12T23:07:34 IST" name="tearDownClass" finished-at="2025-11-12T23:07:35 IST" duration-ms="1396" status="PASS">
          <reporter-output>
          </reporter-output>
        </test-method> <!-- tearDownClass -->
      </class> <!-- com.runner.TestRunnerTestNG -->
    </test> <!-- Default test -->
  </suite> <!-- Default suite -->
</testng-results>
