<?xml version="1.0" encoding="UTF-8"?>
<!-- Generated by org.testng.reporters.JUnitReportReporter -->
<testsuite hostname="LIN-5CD53088JG" failures="0" tests="7" name="com.runner.TestRunnerTestNG" time="84.539" errors="0" timestamp="2025-11-14T17:52:41 IST" skipped="0">
  <testcase classname="com.runner.TestRunnerTestNG" name="runScenario" time="9.109"/>
  <testcase classname="com.runner.TestRunnerTestNG" name="runScenario" time="16.987"/>
  <testcase classname="com.runner.TestRunnerTestNG" name="runScenario" time="22.984"/>
  <testcase classname="com.runner.TestRunnerTestNG" name="runScenario" time="8.123"/>
  <testcase classname="com.runner.TestRunnerTestNG" name="runScenario" time="7.480"/>
  <testcase classname="com.runner.TestRunnerTestNG" name="runScenario" time="10.512"/>
  <testcase classname="com.runner.TestRunnerTestNG" name="runScenario" time="9.344"/>
</testsuite> <!-- com.runner.TestRunnerTestNG -->
