<?xml version="1.0" encoding="UTF-8"?>
<!-- Generated by org.testng.reporters.JUnitReportReporter -->
<testsuite hostname="LIN-5CD53088JG" failures="0" tests="1" name="com.runner.TestRunnerTestNG" time="6.582" errors="1" timestamp="2025-11-17T22:24:03 IST" skipped="0">
  <testcase classname="com.runner.TestRunnerTestNG" name="runScenario" time="6.582">
    <error message="element click intercepted: Element &lt;p class=&quot;body-sm text-xl text-secondary&quot;&gt;...&lt;/p&gt; is not clickable at point (427, 130). Other element would receive the click: &lt;iframe scrolling=&quot;no&quot; id=&quot;wiz-iframe-intent&quot; style=&quot;z-index: 2147483647; display:block; height: 100% !important; width: 100% !important;min-height:80px !important;border:0px !important; border-color:none !important;&quot; srcdoc=&quot;&amp;lt;html&amp;gt;
 &amp;lt;head&amp;gt;
  &amp;lt;style type=&amp;quot;text/css&amp;quot;&amp;gt;body{font-family: -apple-system,BlinkMacSystemFont,&amp;quot;Segoe UI&amp;quot;,Roboto,Oxygen,Ubuntu,Cantarell,&amp;quot;Open Sans&amp;quot;,&amp;quot;Helvetica Neue&amp;quot;,sans-serif;}.CT_InterstitialOuter{display: table;position: fixed;top: 0;left: 0;height: 100%;width: 100%;transform: translateZ(0);}.CT_InterstitialWrapper{display:table-cell;vertical-align:middle}.CT_Interstitial{display:-webkit-box;display:-ms-flexbox;display:flex;-webkit-box-align:center;-ms-flex-align:center;align-items:center;-webkit-box-pack:center;ms-flex-pack:center;justify-content:center;-webkit-box-orient:vertical;-webkit-box-direction:normal;-ms-flex-direction:column;flex-direction:column;width:100%;max-width:600px;margin-left:auto;margin-right:auto;padding:20px;background-color:undefined;color:undefined;text-align:center;box-sizing:border-box;position:relative;border-radius:8px}.CT_InterstitialClose{cursor:pointer;position:absolute;top:-10px;right:-10px;z-index:2147483647;font-size:18px;font-weight:700;text-decoration:none;width:25px;height:25px;text-align:center;-webkit-appearance:none;line-height:22px;background:#353535;border:2px solid #fff;border-radius:100%;color:#fff}@media only screen and (max-width:768px){.CT_Interstitial{width:85%}}@media only screen and (max-width:480px){.CT_Interstitial{width:80%}}&amp;lt;/style&amp;gt;
 &amp;lt;/head&amp;gt;
 &amp;lt;body&amp;gt;
  &amp;lt;div id=&amp;quot;contentDiv&amp;quot; class=&amp;quot;CT_InterstitialOuter&amp;quot;&amp;gt;
   &amp;lt;div class=&amp;quot;CT_InterstitialWrapper&amp;quot;&amp;gt;
    &amp;lt;div class=&amp;quot;CT_Interstitial&amp;quot;&amp;gt;
     &amp;lt;style type=&amp;quot;text/css&amp;quot;&amp;gt;
.CT_Interstitial {
background-color: #fffeeb;
padding: 0px !important;
max-width: 50%;
border-radius: 25px;
}
.popupImg {
border-radius: 20px;
}
&amp;lt;/style&amp;gt; &amp;lt;button id=&amp;quot;closeButton&amp;quot; class=&amp;quot;btn&amp;quot; style=&amp;quot;position: absolute; top: 10px; right: 10px; width: 30px; height: 30px; border: none; border-radius: 50%; background-color: black; display: flex; justify-content: center; align-items: center; cursor: pointer; box-shadow: 0 0 5px rgba(0, 0, 0, 0.2);&amp;quot; wzrk_c2a=&amp;quot;&amp;quot;&amp;gt; &amp;lt;span style=&amp;quot;font-size: 26px; line-height: 16px; color: white; font-weight: bold;&amp;quot;&amp;gt;×&amp;lt;/span&amp;gt; &amp;lt;/button&amp;gt; 
     &amp;lt;img id=&amp;quot;popupImage&amp;quot; class=&amp;quot;popupImg&amp;quot; src=&amp;quot;https://images.ixigo.com/image/upload/welcome/f22621efab11ca489cf6fc4bc4b2ee82-cqwpy.webp&amp;quot; style=&amp;quot;max-width: 100%;&amp;quot;&amp;gt; 
     &amp;lt;script&amp;gt;
var btn = document.getElementById(&#039;closeButton&#039;);
var popupImage = document.getElementById(&#039;popupImage&#039;);
var contentDiv = document.getElementById(&#039;contentDiv&#039;);
var overlay = window.parent.document.getElementById(&#039;intentOpacityDiv&#039;);
var wrapper = window.parent.document.getElementById(&#039;intentPreview&#039;);

btn.addEventListener(&#039;click&#039;, closePopUp);
contentDiv.addEventListener(&#039;click&#039;, handleOutsideClick);
popupImage.addEventListener(&#039;click&#039;, navigateToHotels);

function closePopUp() { 
setTimeout(() =&amp;gt; {
overlay.remove(); 
wrapper.remove();
}, 0); 
}

function handleOutsideClick(event) {
closePopUp();
}

function navigateToHotels(event) {
event.stopPropagation();
window.parent.location.href = &#039;https://www.ixigo.com/&#039;;
}
&amp;lt;/script&amp;gt;
    &amp;lt;/div&amp;gt;
   &amp;lt;/div&amp;gt;
  &amp;lt;/div&amp;gt;
 &amp;lt;script&amp;gt;
      const ct__camapignId = &#039;1763357011_20251117&#039;;
      const ct__formatVal = (v) =&amp;gt; {
          return v &amp;amp;&amp;amp; v.trim().substring(0, 20);
      }
      const ct__parentOrigin =  window.parent.origin;
      document.body.addEventListener(&#039;click&#039;, (event) =&amp;gt; {
        const elem = event.target.closest?.(&#039;a[wzrk_c2a], button[wzrk_c2a]&#039;);
        if (elem) {
            const {innerText, id, name, value, href} = elem;
            const clickAttr = elem.getAttribute(&#039;onclick&#039;) || elem.getAttribute(&#039;click&#039;);
            const onclickURL = clickAttr?.match(/(window.open)[(](&amp;quot;|&#039;)(.*)(&amp;quot;|&#039;,)/)?.[3] || clickAttr?.match(/(location.href *= *)(&amp;quot;|&#039;)(.*)(&amp;quot;|&#039;)/)?.[3];
            const props = {innerText, id, name, value};
            let msgCTkv = Object.keys(props).reduce((acc, c) =&amp;gt; {
                const formattedVal = ct__formatVal(props[c]);
                formattedVal &amp;amp;&amp;amp; (acc[&#039;wzrk_click_&#039; + c] = formattedVal);
                return acc;
            }, {});
            if(onclickURL) { msgCTkv[&#039;wzrk_click_&#039; + &#039;url&#039;] = onclickURL; }
            if(href) { msgCTkv[&#039;wzrk_click_&#039; + &#039;c2a&#039;] = href; }
            const notifData = { msgId: ct__camapignId, msgCTkv, pivotId: &#039;wzrk_default&#039; };
            window.parent.clevertap.renderNotificationClicked(notifData);
        }
      });
      &amp;lt;/script&amp;gt;
    
&amp;lt;/body&amp;gt;
&amp;lt;/html&amp;gt;&quot;&gt;&lt;/iframe&gt;
  (Session info: chrome=142.0.7444.163)
Build info: version: &#039;4.34.0&#039;, revision: &#039;707dcb4246*&#039;
System info: os.name: &#039;Windows 11&#039;, os.arch: &#039;amd64&#039;, os.version: &#039;10.0&#039;, java.version: &#039;23.0.2&#039;
Driver info: org.openqa.selenium.chrome.ChromeDriver
Command: [01624329aea76cb9e99ab87020160ef3, clickElement {id=f.DE7F2578C2BE1AB86066E08A4969318E.d.D474B0F237BFB8B91877A9E533669061.e.145}]
Capabilities {acceptInsecureCerts: false, browserName: chrome, browserVersion: 142.0.7444.163, chrome: {chromedriverVersion: 142.0.7444.162 (c076baf266c..., userDataDir: C:\Users\vangas\AppData\Loc...}, fedcm:accounts: true, goog:chromeOptions: {debuggerAddress: localhost:63811}, goog:processID: 19852, networkConnectionEnabled: false, pageLoadStrategy: normal, platformName: windows, proxy: Proxy(), se:cdp: ws://localhost:63811/devtoo..., se:cdpVersion: 142.0.7444.163, setWindowRect: true, strictFileInteractability: false, timeouts: {implicit: 0, pageLoad: 300000, script: 30000}, unhandledPromptBehavior: dismiss and notify, webauthn:extension:credBlob: true, webauthn:extension:largeBlob: true, webauthn:extension:minPinLength: true, webauthn:extension:prf: true, webauthn:virtualAuthenticators: true}
Element: [[ChromeDriver: chrome on windows (01624329aea76cb9e99ab87020160ef3)] -&gt; xpath: (//p[contains(text(),&#039;Trains&#039;)])[2]]
Session ID: 01624329aea76cb9e99ab87020160ef3" type="org.openqa.selenium.ElementClickInterceptedException">
      <![CDATA[org.openqa.selenium.ElementClickInterceptedException: element click intercepted: Element <p class="body-sm text-xl text-secondary">...</p> is not clickable at point (427, 130). Other element would receive the click: <iframe scrolling="no" id="wiz-iframe-intent" style="z-index: 2147483647; display:block; height: 100% !important; width: 100% !important;min-height:80px !important;border:0px !important; border-color:none !important;" srcdoc="&lt;html&gt;
 &lt;head&gt;
  &lt;style type=&quot;text/css&quot;&gt;body{font-family: -apple-system,BlinkMacSystemFont,&quot;Segoe UI&quot;,Roboto,Oxygen,Ubuntu,Cantarell,&quot;Open Sans&quot;,&quot;Helvetica Neue&quot;,sans-serif;}.CT_InterstitialOuter{display: table;position: fixed;top: 0;left: 0;height: 100%;width: 100%;transform: translateZ(0);}.CT_InterstitialWrapper{display:table-cell;vertical-align:middle}.CT_Interstitial{display:-webkit-box;display:-ms-flexbox;display:flex;-webkit-box-align:center;-ms-flex-align:center;align-items:center;-webkit-box-pack:center;ms-flex-pack:center;justify-content:center;-webkit-box-orient:vertical;-webkit-box-direction:normal;-ms-flex-direction:column;flex-direction:column;width:100%;max-width:600px;margin-left:auto;margin-right:auto;padding:20px;background-color:undefined;color:undefined;text-align:center;box-sizing:border-box;position:relative;border-radius:8px}.CT_InterstitialClose{cursor:pointer;position:absolute;top:-10px;right:-10px;z-index:2147483647;font-size:18px;font-weight:700;text-decoration:none;width:25px;height:25px;text-align:center;-webkit-appearance:none;line-height:22px;background:#353535;border:2px solid #fff;border-radius:100%;color:#fff}@media only screen and (max-width:768px){.CT_Interstitial{width:85%}}@media only screen and (max-width:480px){.CT_Interstitial{width:80%}}&lt;/style&gt;
 &lt;/head&gt;
 &lt;body&gt;
  &lt;div id=&quot;contentDiv&quot; class=&quot;CT_InterstitialOuter&quot;&gt;
   &lt;div class=&quot;CT_InterstitialWrapper&quot;&gt;
    &lt;div class=&quot;CT_Interstitial&quot;&gt;
     &lt;style type=&quot;text/css&quot;&gt;
.CT_Interstitial {
background-color: #fffeeb;
padding: 0px !important;
max-width: 50%;
border-radius: 25px;
}
.popupImg {
border-radius: 20px;
}
&lt;/style&gt; &lt;button id=&quot;closeButton&quot; class=&quot;btn&quot; style=&quot;position: absolute; top: 10px; right: 10px; width: 30px; height: 30px; border: none; border-radius: 50%; background-color: black; display: flex; justify-content: center; align-items: center; cursor: pointer; box-shadow: 0 0 5px rgba(0, 0, 0, 0.2);&quot; wzrk_c2a=&quot;&quot;&gt; &lt;span style=&quot;font-size: 26px; line-height: 16px; color: white; font-weight: bold;&quot;&gt;×&lt;/span&gt; &lt;/button&gt; 
     &lt;img id=&quot;popupImage&quot; class=&quot;popupImg&quot; src=&quot;https://images.ixigo.com/image/upload/welcome/f22621efab11ca489cf6fc4bc4b2ee82-cqwpy.webp&quot; style=&quot;max-width: 100%;&quot;&gt; 
     &lt;script&gt;
var btn = document.getElementById('closeButton');
var popupImage = document.getElementById('popupImage');
var contentDiv = document.getElementById('contentDiv');
var overlay = window.parent.document.getElementById('intentOpacityDiv');
var wrapper = window.parent.document.getElementById('intentPreview');

btn.addEventListener('click', closePopUp);
contentDiv.addEventListener('click', handleOutsideClick);
popupImage.addEventListener('click', navigateToHotels);

function closePopUp() { 
setTimeout(() =&gt; {
overlay.remove(); 
wrapper.remove();
}, 0); 
}

function handleOutsideClick(event) {
closePopUp();
}

function navigateToHotels(event) {
event.stopPropagation();
window.parent.location.href = 'https://www.ixigo.com/';
}
&lt;/script&gt;
    &lt;/div&gt;
   &lt;/div&gt;
  &lt;/div&gt;
 &lt;script&gt;
      const ct__camapignId = '1763357011_20251117';
      const ct__formatVal = (v) =&gt; {
          return v &amp;&amp; v.trim().substring(0, 20);
      }
      const ct__parentOrigin =  window.parent.origin;
      document.body.addEventListener('click', (event) =&gt; {
        const elem = event.target.closest?.('a[wzrk_c2a], button[wzrk_c2a]');
        if (elem) {
            const {innerText, id, name, value, href} = elem;
            const clickAttr = elem.getAttribute('onclick') || elem.getAttribute('click');
            const onclickURL = clickAttr?.match(/(window.open)[(](&quot;|')(.*)(&quot;|',)/)?.[3] || clickAttr?.match(/(location.href *= *)(&quot;|')(.*)(&quot;|')/)?.[3];
            const props = {innerText, id, name, value};
            let msgCTkv = Object.keys(props).reduce((acc, c) =&gt; {
                const formattedVal = ct__formatVal(props[c]);
                formattedVal &amp;&amp; (acc['wzrk_click_' + c] = formattedVal);
                return acc;
            }, {});
            if(onclickURL) { msgCTkv['wzrk_click_' + 'url'] = onclickURL; }
            if(href) { msgCTkv['wzrk_click_' + 'c2a'] = href; }
            const notifData = { msgId: ct__camapignId, msgCTkv, pivotId: 'wzrk_default' };
            window.parent.clevertap.renderNotificationClicked(notifData);
        }
      });
      &lt;/script&gt;
    
&lt;/body&gt;
&lt;/html&gt;"></iframe>
  (Session info: chrome=142.0.7444.163)
Build info: version: '4.34.0', revision: '707dcb4246*'
System info: os.name: 'Windows 11', os.arch: 'amd64', os.version: '10.0', java.version: '23.0.2'
Driver info: org.openqa.selenium.chrome.ChromeDriver
Command: [01624329aea76cb9e99ab87020160ef3, clickElement {id=f.DE7F2578C2BE1AB86066E08A4969318E.d.D474B0F237BFB8B91877A9E533669061.e.145}]
Capabilities {acceptInsecureCerts: false, browserName: chrome, browserVersion: 142.0.7444.163, chrome: {chromedriverVersion: 142.0.7444.162 (c076baf266c..., userDataDir: C:\Users\vangas\AppData\Loc...}, fedcm:accounts: true, goog:chromeOptions: {debuggerAddress: localhost:63811}, goog:processID: 19852, networkConnectionEnabled: false, pageLoadStrategy: normal, platformName: windows, proxy: Proxy(), se:cdp: ws://localhost:63811/devtoo..., se:cdpVersion: 142.0.7444.163, setWindowRect: true, strictFileInteractability: false, timeouts: {implicit: 0, pageLoad: 300000, script: 30000}, unhandledPromptBehavior: dismiss and notify, webauthn:extension:credBlob: true, webauthn:extension:largeBlob: true, webauthn:extension:minPinLength: true, webauthn:extension:prf: true, webauthn:virtualAuthenticators: true}
Element: [[ChromeDriver: chrome on windows (01624329aea76cb9e99ab87020160ef3)] -> xpath: (//p[contains(text(),'Trains')])[2]]
Session ID: 01624329aea76cb9e99ab87020160ef3
at java.base/jdk.internal.reflect.DirectConstructorHandleAccessor.newInstance(DirectConstructorHandleAccessor.java:62)
at java.base/java.lang.reflect.Constructor.newInstanceWithCaller(Constructor.java:501)
at java.base/java.lang.reflect.Constructor.newInstance(Constructor.java:485)
at org.openqa.selenium.remote.ErrorCodec.decode(ErrorCodec.java:167)
at org.openqa.selenium.remote.codec.w3c.W3CHttpResponseCodec.decode(W3CHttpResponseCodec.java:138)
at org.openqa.selenium.remote.codec.w3c.W3CHttpResponseCodec.decode(W3CHttpResponseCodec.java:50)
at org.openqa.selenium.remote.HttpCommandExecutor.execute(HttpCommandExecutor.java:215)
at org.openqa.selenium.remote.service.DriverCommandExecutor.invokeExecute(DriverCommandExecutor.java:216)
at org.openqa.selenium.remote.service.DriverCommandExecutor.execute(DriverCommandExecutor.java:174)
at org.openqa.selenium.remote.RemoteWebDriver.execute(RemoteWebDriver.java:544)
at org.openqa.selenium.remote.RemoteWebElement.execute(RemoteWebElement.java:223)
at org.openqa.selenium.remote.RemoteWebElement.click(RemoteWebElement.java:76)
at java.base/jdk.internal.reflect.DirectMethodHandleAccessor.invoke(DirectMethodHandleAccessor.java:103)
at java.base/java.lang.reflect.Method.invoke(Method.java:580)
at org.openqa.selenium.support.pagefactory.internal.LocatingElementHandler.invoke(LocatingElementHandler.java:51)
at jdk.proxy2/jdk.proxy2.$Proxy24.click(Unknown Source)
at com.pages.HomePage.clickTrainsLink(HomePage.java:128)
at com.stepDefinitionTestNG.TrainsPage.the_user_clicks_on_trains(TrainsPage.java:35)
at ✽.the user clicks on trains(file:///C:/Users/vangas/Ixigo%20Website/IxigoTrains/./src/test/resources/com/features/Login.feature:5)
]]>
    </error>
  </testcase> <!-- runScenario -->
</testsuite> <!-- com.runner.TestRunnerTestNG -->
