<?xml version="1.0" encoding="UTF-8"?>
<!-- Generated by org.testng.reporters.JUnitXMLReporter -->
<testsuite ignored="0" hostname="LIN-5CD53088KT" failures="1" tests="3" name="Default test" time="49.014" errors="0" timestamp="2025-11-12T16:28:17 IST">
  <testcase classname="io.cucumber.testng.AbstractTestNGCucumberTests" name="runScenario" time="23.332"/>
  <testcase classname="io.cucumber.testng.AbstractTestNGCucumberTests" name="runScenario" time="12.951"/>
  <testcase classname="io.cucumber.testng.AbstractTestNGCucumberTests" name="runScenario" time="11.514">
    <failure type="io.cucumber.testng.UndefinedStepException" message="The step &amp;apos;I should see a list of available hotels matching the criterias&amp;apos; is undefined.
You can implement this step using the snippet(s) below:

@Then(&amp;quot;I should see a list of available hotels matching the criterias&amp;quot;)
public void i_should_see_a_list_of_available_hotels_matching_the_criterias() {
    // Write code here that turns the phrase above into concrete actions
    throw new io.cucumber.java.PendingException();
}
">
      <![CDATA[io.cucumber.testng.UndefinedStepException: The step 'I should see a list of available hotels matching the criterias' is undefined.
You can implement this step using the snippet(s) below:

@Then("I should see a list of available hotels matching the criterias")
public void i_should_see_a_list_of_available_hotels_matching_the_criterias() {
    // Write code here that turns the phrase above into concrete actions
    throw new io.cucumber.java.PendingException();
}

at ✽.I should see a list of available hotels matching the criterias(file:///C:/Users/siddach/trainingss/ixigo/./src/test/resources/com/features/Hotelspage.feature:22)
]]>
    </failure>
  </testcase> <!-- runScenario -->
</testsuite> <!-- Default test -->
