<?xml version="1.0" encoding="UTF-8"?>
<!-- Generated by org.testng.reporters.JUnitXMLReporter -->
<testsuite ignored="0" hostname="LIN-5CD53088KD" failures="1" tests="2" name="Default test" time="46.295" errors="0" timestamp="2025-11-11T22:33:42 IST">
  <testcase classname="io.cucumber.testng.AbstractTestNGCucumberTests" name="runScenario" time="15.838"/>
  <testcase classname="io.cucumber.testng.AbstractTestNGCucumberTests" name="runScenario" time="28.845">
    <failure type="io.cucumber.testng.UndefinedStepException" message="The step &amp;apos;click on Book Now button&amp;apos; and 1 other step(s) are undefined.
You can implement these steps using the snippet(s) below:

@Then(&amp;quot;click on Book Now button&amp;quot;)
public void click_on_book_now_button() {
    // Write code here that turns the phrase above into concrete actions
    throw new io.cucumber.java.PendingException();
}
@Then(&amp;quot;user is navigated to Booking page&amp;quot;)
public void user_is_navigated_to_booking_page() {
    // Write code here that turns the phrase above into concrete actions
    throw new io.cucumber.java.PendingException();
}
">
      <![CDATA[io.cucumber.testng.UndefinedStepException: The step 'click on Book Now button' and 1 other step(s) are undefined.
You can implement these steps using the snippet(s) below:

@Then("click on Book Now button")
public void click_on_book_now_button() {
    // Write code here that turns the phrase above into concrete actions
    throw new io.cucumber.java.PendingException();
}
@Then("user is navigated to Booking page")
public void user_is_navigated_to_booking_page() {
    // Write code here that turns the phrase above into concrete actions
    throw new io.cucumber.java.PendingException();
}

at âœ½.click on Book Now button(file:///C:/Users/koteru/Sprint/Ixigo/./src/test/resources/com/features/Platform.feature:17)
]]>
    </failure>
  </testcase> <!-- runScenario -->
</testsuite> <!-- Default test -->
