<?xml version="1.0" encoding="UTF-8"?>
<testng-results ignored="0" total="5" passed="5" failed="0" skipped="0">
  <reporter-output>
  </reporter-output>
  <suite started-at="2025-11-14T18:05:32 IST" name="Default suite" finished-at="2025-11-14T18:07:23 IST" duration-ms="111264">
    <groups>
      <group name="cucumber">
        <method signature="AbstractTestNGCucumberTests.runScenario(io.cucumber.testng.PickleWrapper,io.cucumber.testng.FeatureWrapper)[pri:0, instance:com.runner.TestRunner@1649b0e6]" name="runScenario" class="io.cucumber.testng.AbstractTestNGCucumberTests"/>
      </group> <!-- cucumber -->
    </groups>
    <test started-at="2025-11-14T18:05:32 IST" name="Default test" finished-at="2025-11-14T18:07:23 IST" duration-ms="111264">
      <class name="com.runner.TestRunner">
        <test-method is-config="true" signature="setUpClass(org.testng.ITestContext)[pri:0, instance:com.runner.TestRunner@1649b0e6]" started-at="2025-11-14T18:05:32 IST" name="setUpClass" finished-at="2025-11-14T18:05:33 IST" duration-ms="770" status="PASS">
          <params>
            <param index="0">
              <value>
                <![CDATA[org.testng.TestRunner@297bd171]]>
              </value>
            </param>
          </params>
          <reporter-output>
          </reporter-output>
        </test-method> <!-- setUpClass -->
        <test-method signature="runScenario(io.cucumber.testng.PickleWrapper,io.cucumber.testng.FeatureWrapper)[pri:0, instance:com.runner.TestRunner@1649b0e6]" started-at="2025-11-14T18:05:33 IST" name="runScenario" description="Runs Cucumber Scenarios" data-provider="scenarios" finished-at="2025-11-14T18:05:43 IST" duration-ms="10229" status="PASS">
          <params>
            <param index="0">
              <value>
                <![CDATA["Validate Hotels page and search button"]]>
              </value>
            </param>
            <param index="1">
              <value>
                <![CDATA["Hotels Page Functionality"]]>
              </value>
            </param>
          </params>
          <reporter-output>
          </reporter-output>
        </test-method> <!-- runScenario -->
        <test-method signature="runScenario(io.cucumber.testng.PickleWrapper,io.cucumber.testng.FeatureWrapper)[pri:0, instance:com.runner.TestRunner@1649b0e6]" started-at="2025-11-14T18:05:43 IST" name="runScenario" description="Runs Cucumber Scenarios" data-provider="scenarios" finished-at="2025-11-14T18:06:15 IST" duration-ms="31855" status="PASS">
          <params>
            <param index="0">
              <value>
                <![CDATA["Validate Top Hotels functionality"]]>
              </value>
            </param>
            <param index="1">
              <value>
                <![CDATA["Hotels Page Functionality"]]>
              </value>
            </param>
          </params>
          <reporter-output>
          </reporter-output>
        </test-method> <!-- runScenario -->
        <test-method signature="runScenario(io.cucumber.testng.PickleWrapper,io.cucumber.testng.FeatureWrapper)[pri:0, instance:com.runner.TestRunner@1649b0e6]" started-at="2025-11-14T18:06:15 IST" name="runScenario" description="Runs Cucumber Scenarios" data-provider="scenarios" finished-at="2025-11-14T18:06:25 IST" duration-ms="10168" status="PASS">
          <params>
            <param index="0">
              <value>
                <![CDATA["Validate OffersPage functionality"]]>
              </value>
            </param>
            <param index="1">
              <value>
                <![CDATA["Hotels Page Functionality"]]>
              </value>
            </param>
          </params>
          <reporter-output>
          </reporter-output>
        </test-method> <!-- runScenario -->
        <test-method signature="runScenario(io.cucumber.testng.PickleWrapper,io.cucumber.testng.FeatureWrapper)[pri:0, instance:com.runner.TestRunner@1649b0e6]" started-at="2025-11-14T18:06:25 IST" name="runScenario" description="Runs Cucumber Scenarios" data-provider="scenarios" finished-at="2025-11-14T18:06:55 IST" duration-ms="29450" status="PASS">
          <params>
            <param index="0">
              <value>
                <![CDATA["User searches for hotels by destination"]]>
              </value>
            </param>
            <param index="1">
              <value>
                <![CDATA["Hotels Page Functionality"]]>
              </value>
            </param>
          </params>
          <reporter-output>
          </reporter-output>
        </test-method> <!-- runScenario -->
        <test-method signature="runScenario(io.cucumber.testng.PickleWrapper,io.cucumber.testng.FeatureWrapper)[pri:0, instance:com.runner.TestRunner@1649b0e6]" started-at="2025-11-14T18:06:55 IST" name="runScenario" description="Runs Cucumber Scenarios" data-provider="scenarios" finished-at="2025-11-14T18:07:23 IST" duration-ms="28704" status="PASS">
          <params>
            <param index="0">
              <value>
                <![CDATA["User searches for hotels by destination"]]>
              </value>
            </param>
            <param index="1">
              <value>
                <![CDATA["Hotels Page Functionality"]]>
              </value>
            </param>
          </params>
          <reporter-output>
          </reporter-output>
        </test-method> <!-- runScenario -->
        <test-method is-config="true" signature="tearDownClass()[pri:0, instance:com.runner.TestRunner@1649b0e6]" started-at="2025-11-14T18:07:23 IST" name="tearDownClass" finished-at="2025-11-14T18:07:23 IST" duration-ms="39" status="PASS">
          <reporter-output>
          </reporter-output>
        </test-method> <!-- tearDownClass -->
      </class> <!-- com.runner.TestRunner -->
    </test> <!-- Default test -->
  </suite> <!-- Default suite -->
</testng-results>
