<?xml version="1.0" encoding="UTF-8"?>
<testng-results ignored="0" total="2" passed="1" failed="1" skipped="0">
  <reporter-output>
  </reporter-output>
  <suite started-at="2025-11-11T22:32:56 IST" name="Default suite" finished-at="2025-11-11T22:33:42 IST" duration-ms="46295">
    <groups>
      <group name="cucumber">
        <method signature="AbstractTestNGCucumberTests.runScenario(io.cucumber.testng.PickleWrapper,io.cucumber.testng.FeatureWrapper)[pri:0, instance:com.runner.TestRunnerTestNG@30c15d8b]" name="runScenario" class="io.cucumber.testng.AbstractTestNGCucumberTests"/>
      </group> <!-- cucumber -->
    </groups>
    <test started-at="2025-11-11T22:32:56 IST" name="Default test" finished-at="2025-11-11T22:33:42 IST" duration-ms="46295">
      <class name="com.runner.TestRunnerTestNG">
        <test-method is-config="true" signature="setUpClass(org.testng.ITestContext)[pri:0, instance:com.runner.TestRunnerTestNG@30c15d8b]" started-at="2025-11-11T22:32:56 IST" name="setUpClass" finished-at="2025-11-11T22:32:57 IST" duration-ms="971" status="PASS">
          <params>
            <param index="0">
              <value>
                <![CDATA[org.testng.TestRunner@6cd15072]]>
              </value>
            </param>
          </params>
          <reporter-output>
          </reporter-output>
        </test-method> <!-- setUpClass -->
        <test-method signature="runScenario(io.cucumber.testng.PickleWrapper,io.cucumber.testng.FeatureWrapper)[pri:0, instance:com.runner.TestRunnerTestNG@30c15d8b]" started-at="2025-11-11T22:32:57 IST" name="runScenario" description="Runs Cucumber Scenarios" data-provider="scenarios" finished-at="2025-11-11T22:33:13 IST" duration-ms="15838" status="PASS">
          <params>
            <param index="0">
              <value>
                <![CDATA["Verify that entering a valid train number displays the platform number."]]>
              </value>
            </param>
            <param index="1">
              <value>
                <![CDATA["Platform Locator"]]>
              </value>
            </param>
          </params>
          <reporter-output>
          </reporter-output>
        </test-method> <!-- runScenario -->
        <test-method signature="runScenario(io.cucumber.testng.PickleWrapper,io.cucumber.testng.FeatureWrapper)[pri:0, instance:com.runner.TestRunnerTestNG@30c15d8b]" started-at="2025-11-11T22:33:13 IST" name="runScenario" description="Runs Cucumber Scenarios" data-provider="scenarios" finished-at="2025-11-11T22:33:42 IST" duration-ms="28845" status="FAIL">
          <params>
            <param index="0">
              <value>
                <![CDATA["Book Now button should be visible and clickable for each available train"]]>
              </value>
            </param>
            <param index="1">
              <value>
                <![CDATA["Platform Locator"]]>
              </value>
            </param>
          </params>
          <exception class="io.cucumber.testng.UndefinedStepException">
            <message>
              <![CDATA[The step 'click on Book Now button' and 1 other step(s) are undefined.
You can implement these steps using the snippet(s) below:

@Then("click on Book Now button")
public void click_on_book_now_button() {
    // Write code here that turns the phrase above into concrete actions
    throw new io.cucumber.java.PendingException();
}
@Then("user is navigated to Booking page")
public void user_is_navigated_to_booking_page() {
    // Write code here that turns the phrase above into concrete actions
    throw new io.cucumber.java.PendingException();
}
]]>
            </message>
            <full-stacktrace>
              <![CDATA[io.cucumber.testng.UndefinedStepException: The step 'click on Book Now button' and 1 other step(s) are undefined.
You can implement these steps using the snippet(s) below:

@Then("click on Book Now button")
public void click_on_book_now_button() {
    // Write code here that turns the phrase above into concrete actions
    throw new io.cucumber.java.PendingException();
}
@Then("user is navigated to Booking page")
public void user_is_navigated_to_booking_page() {
    // Write code here that turns the phrase above into concrete actions
    throw new io.cucumber.java.PendingException();
}

at ✽.click on Book Now button(file:///C:/Users/koteru/Sprint/Ixigo/./src/test/resources/com/features/Platform.feature:17)
]]>
            </full-stacktrace>
          </exception> <!-- io.cucumber.testng.UndefinedStepException -->
          <reporter-output>
          </reporter-output>
        </test-method> <!-- runScenario -->
        <test-method is-config="true" signature="tearDownClass()[pri:0, instance:com.runner.TestRunnerTestNG@30c15d8b]" started-at="2025-11-11T22:33:42 IST" name="tearDownClass" finished-at="2025-11-11T22:33:42 IST" duration-ms="573" status="PASS">
          <reporter-output>
          </reporter-output>
        </test-method> <!-- tearDownClass -->
      </class> <!-- com.runner.TestRunnerTestNG -->
    </test> <!-- Default test -->
  </suite> <!-- Default suite -->
</testng-results>
