<?xml version="1.0" encoding="UTF-8"?>
<testng-results ignored="0" total="8" passed="8" failed="0" skipped="0">
  <reporter-output>
  </reporter-output>
  <suite started-at="2025-11-17T20:15:15 IST" name="Default suite" finished-at="2025-11-17T20:18:52 IST" duration-ms="217755">
    <groups>
      <group name="cucumber">
        <method signature="AbstractTestNGCucumberTests.runScenario(io.cucumber.testng.PickleWrapper,io.cucumber.testng.FeatureWrapper)[pri:0, instance:com.runner.TestRunner@4da4253]" name="runScenario" class="io.cucumber.testng.AbstractTestNGCucumberTests"/>
      </group> <!-- cucumber -->
    </groups>
    <test started-at="2025-11-17T20:15:15 IST" name="Default test" finished-at="2025-11-17T20:18:52 IST" duration-ms="217755">
      <class name="com.runner.TestRunner">
        <test-method is-config="true" signature="setUpClass(org.testng.ITestContext)[pri:0, instance:com.runner.TestRunner@4da4253]" started-at="2025-11-17T20:15:15 IST" name="setUpClass" finished-at="2025-11-17T20:15:16 IST" duration-ms="1342" status="PASS">
          <params>
            <param index="0">
              <value>
                <![CDATA[org.testng.TestRunner@2b41b8bb]]>
              </value>
            </param>
          </params>
          <reporter-output>
          </reporter-output>
        </test-method> <!-- setUpClass -->
        <test-method signature="runScenario(io.cucumber.testng.PickleWrapper,io.cucumber.testng.FeatureWrapper)[pri:0, instance:com.runner.TestRunner@4da4253]" started-at="2025-11-17T20:15:16 IST" name="runScenario" description="Runs Cucumber Scenarios" data-provider="scenarios" finished-at="2025-11-17T20:15:36 IST" duration-ms="19964" status="PASS">
          <params>
            <param index="0">
              <value>
                <![CDATA["Validate Hotels page and search button"]]>
              </value>
            </param>
            <param index="1">
              <value>
                <![CDATA["Hotels Page Functionality"]]>
              </value>
            </param>
          </params>
          <reporter-output>
          </reporter-output>
        </test-method> <!-- runScenario -->
        <test-method signature="runScenario(io.cucumber.testng.PickleWrapper,io.cucumber.testng.FeatureWrapper)[pri:0, instance:com.runner.TestRunner@4da4253]" started-at="2025-11-17T20:15:36 IST" name="runScenario" description="Runs Cucumber Scenarios" data-provider="scenarios" finished-at="2025-11-17T20:15:49 IST" duration-ms="13389" status="PASS">
          <params>
            <param index="0">
              <value>
                <![CDATA["Validate Top Hotels functionality"]]>
              </value>
            </param>
            <param index="1">
              <value>
                <![CDATA["Hotels Page Functionality"]]>
              </value>
            </param>
          </params>
          <reporter-output>
          </reporter-output>
        </test-method> <!-- runScenario -->
        <test-method signature="runScenario(io.cucumber.testng.PickleWrapper,io.cucumber.testng.FeatureWrapper)[pri:0, instance:com.runner.TestRunner@4da4253]" started-at="2025-11-17T20:15:49 IST" name="runScenario" description="Runs Cucumber Scenarios" data-provider="scenarios" finished-at="2025-11-17T20:16:08 IST" duration-ms="18758" status="PASS">
          <params>
            <param index="0">
              <value>
                <![CDATA["Validate OffersPage functionality"]]>
              </value>
            </param>
            <param index="1">
              <value>
                <![CDATA["Hotels Page Functionality"]]>
              </value>
            </param>
          </params>
          <reporter-output>
          </reporter-output>
        </test-method> <!-- runScenario -->
        <test-method signature="runScenario(io.cucumber.testng.PickleWrapper,io.cucumber.testng.FeatureWrapper)[pri:0, instance:com.runner.TestRunner@4da4253]" started-at="2025-11-17T20:16:08 IST" name="runScenario" description="Runs Cucumber Scenarios" data-provider="scenarios" finished-at="2025-11-17T20:16:42 IST" duration-ms="34161" status="PASS">
          <params>
            <param index="0">
              <value>
                <![CDATA["User searches for hotels by destination"]]>
              </value>
            </param>
            <param index="1">
              <value>
                <![CDATA["Hotels Page Functionality"]]>
              </value>
            </param>
          </params>
          <reporter-output>
          </reporter-output>
        </test-method> <!-- runScenario -->
        <test-method signature="runScenario(io.cucumber.testng.PickleWrapper,io.cucumber.testng.FeatureWrapper)[pri:0, instance:com.runner.TestRunner@4da4253]" started-at="2025-11-17T20:16:42 IST" name="runScenario" description="Runs Cucumber Scenarios" data-provider="scenarios" finished-at="2025-11-17T20:17:00 IST" duration-ms="17891" status="PASS">
          <params>
            <param index="0">
              <value>
                <![CDATA["User searches for hotels by destination"]]>
              </value>
            </param>
            <param index="1">
              <value>
                <![CDATA["Hotels Page Functionality"]]>
              </value>
            </param>
          </params>
          <reporter-output>
          </reporter-output>
        </test-method> <!-- runScenario -->
        <test-method signature="runScenario(io.cucumber.testng.PickleWrapper,io.cucumber.testng.FeatureWrapper)[pri:0, instance:com.runner.TestRunner@4da4253]" started-at="2025-11-17T20:17:00 IST" name="runScenario" description="Runs Cucumber Scenarios" data-provider="scenarios" finished-at="2025-11-17T20:17:37 IST" duration-ms="36778" status="PASS">
          <params>
            <param index="0">
              <value>
                <![CDATA["Validating hotel overview and login functionalities"]]>
              </value>
            </param>
            <param index="1">
              <value>
                <![CDATA["Hotels Page Functionality"]]>
              </value>
            </param>
          </params>
          <reporter-output>
          </reporter-output>
        </test-method> <!-- runScenario -->
        <test-method signature="runScenario(io.cucumber.testng.PickleWrapper,io.cucumber.testng.FeatureWrapper)[pri:0, instance:com.runner.TestRunner@4da4253]" started-at="2025-11-17T20:17:37 IST" name="runScenario" description="Runs Cucumber Scenarios" data-provider="scenarios" finished-at="2025-11-17T20:18:15 IST" duration-ms="38441" status="PASS">
          <params>
            <param index="0">
              <value>
                <![CDATA["Validating hotel overview and login functionalities"]]>
              </value>
            </param>
            <param index="1">
              <value>
                <![CDATA["Hotels Page Functionality"]]>
              </value>
            </param>
          </params>
          <reporter-output>
          </reporter-output>
        </test-method> <!-- runScenario -->
        <test-method signature="runScenario(io.cucumber.testng.PickleWrapper,io.cucumber.testng.FeatureWrapper)[pri:0, instance:com.runner.TestRunner@4da4253]" started-at="2025-11-17T20:18:15 IST" name="runScenario" description="Runs Cucumber Scenarios" data-provider="scenarios" finished-at="2025-11-17T20:18:52 IST" duration-ms="36803" status="PASS">
          <params>
            <param index="0">
              <value>
                <![CDATA["Validating hotel overview and login functionalities"]]>
              </value>
            </param>
            <param index="1">
              <value>
                <![CDATA["Hotels Page Functionality"]]>
              </value>
            </param>
          </params>
          <reporter-output>
          </reporter-output>
        </test-method> <!-- runScenario -->
        <test-method is-config="true" signature="tearDownClass()[pri:0, instance:com.runner.TestRunner@4da4253]" started-at="2025-11-17T20:18:52 IST" name="tearDownClass" finished-at="2025-11-17T20:18:52 IST" duration-ms="154" status="PASS">
          <reporter-output>
          </reporter-output>
        </test-method> <!-- tearDownClass -->
      </class> <!-- com.runner.TestRunner -->
    </test> <!-- Default test -->
  </suite> <!-- Default suite -->
</testng-results>
