<?xml version="1.0" encoding="UTF-8"?>
<!-- Generated by org.testng.reporters.JUnitReportReporter -->
<testsuite hostname="LIN-5CD53088GN" failures="2" tests="4" name="com.runner.TestRunnerTestNG" time="32.083" errors="0" timestamp="2025-11-12T23:07:36 IST" skipped="0">
  <testcase classname="com.runner.TestRunnerTestNG" name="runScenario" time="7.794"/>
  <testcase classname="com.runner.TestRunnerTestNG" name="runScenario" time="8.788">
    <failure message="Search results page not displayed!" type="java.lang.AssertionError">
      <![CDATA[java.lang.AssertionError: Search results page not displayed!
at com.StepDefinitionTestNG.Profile.then_navigates_to_the_buses_search_page(Profile.java:106)
at ✽.then navigates to the Buses search page(file:///C:/Training%20vvat/JAVA/Ixigo%20Bus/Ixigo/./src/test/resources/com/features/Search.feature:25)
]]>
    </failure>
  </testcase> <!-- runScenario -->
  <testcase classname="com.runner.TestRunnerTestNG" name="runScenario" time="8.265">
    <failure message="Search results page not displayed!" type="java.lang.AssertionError">
      <![CDATA[java.lang.AssertionError: Search results page not displayed!
at com.StepDefinitionTestNG.Profile.then_navigates_to_the_buses_search_page(Profile.java:106)
at ✽.then navigates to the Buses search page(file:///C:/Training%20vvat/JAVA/Ixigo%20Bus/Ixigo/./src/test/resources/com/features/Search.feature:25)
]]>
    </failure>
  </testcase> <!-- runScenario -->
  <testcase classname="com.runner.TestRunnerTestNG" name="runScenario" time="7.236"/>
</testsuite> <!-- com.runner.TestRunnerTestNG -->
