<?xml version="1.0" encoding="UTF-8"?>
<!-- Generated by org.testng.reporters.JUnitReportReporter -->
<testsuite hostname="LIN-5CD53088GN" failures="0" tests="8" name="com.runner.TestRunnerTestNG" time="75.598" errors="0" timestamp="2025-11-17T18:17:32 IST" skipped="0">
  <testcase classname="com.runner.TestRunnerTestNG" name="runScenario" time="10.002"/>
  <testcase classname="com.runner.TestRunnerTestNG" name="runScenario" time="9.567"/>
  <testcase classname="com.runner.TestRunnerTestNG" name="runScenario" time="7.501"/>
  <testcase classname="com.runner.TestRunnerTestNG" name="runScenario" time="8.465"/>
  <testcase classname="com.runner.TestRunnerTestNG" name="runScenario" time="9.907"/>
  <testcase classname="com.runner.TestRunnerTestNG" name="runScenario" time="9.181"/>
  <testcase classname="com.runner.TestRunnerTestNG" name="runScenario" time="10.166"/>
  <testcase classname="com.runner.TestRunnerTestNG" name="runScenario" time="10.809"/>
</testsuite> <!-- com.runner.TestRunnerTestNG -->
