<?xml version="1.0" encoding="UTF-8"?>
<testng-results ignored="0" total="3" passed="3" failed="0" skipped="0">
  <reporter-output>
  </reporter-output>
  <suite started-at="2025-11-14T16:14:25 IST" name="Default suite" finished-at="2025-11-14T16:15:43 IST" duration-ms="77820">
    <groups>
      <group name="cucumber">
        <method signature="AbstractTestNGCucumberTests.runScenario(io.cucumber.testng.PickleWrapper,io.cucumber.testng.FeatureWrapper)[pri:0, instance:com.runner.TestRunnerTestNG@30c15d8b]" name="runScenario" class="io.cucumber.testng.AbstractTestNGCucumberTests"/>
      </group> <!-- cucumber -->
    </groups>
    <test started-at="2025-11-14T16:14:25 IST" name="Default test" finished-at="2025-11-14T16:15:43 IST" duration-ms="77820">
      <class name="com.runner.TestRunnerTestNG">
        <test-method is-config="true" signature="setUpClass(org.testng.ITestContext)[pri:0, instance:com.runner.TestRunnerTestNG@30c15d8b]" started-at="2025-11-14T16:14:25 IST" name="setUpClass" finished-at="2025-11-14T16:14:26 IST" duration-ms="770" status="PASS">
          <params>
            <param index="0">
              <value>
                <![CDATA[org.testng.TestRunner@19b9f903]]>
              </value>
            </param>
          </params>
          <reporter-output>
          </reporter-output>
        </test-method> <!-- setUpClass -->
        <test-method signature="runScenario(io.cucumber.testng.PickleWrapper,io.cucumber.testng.FeatureWrapper)[pri:0, instance:com.runner.TestRunnerTestNG@30c15d8b]" started-at="2025-11-14T16:14:26 IST" name="runScenario" description="Runs Cucumber Scenarios" data-provider="scenarios" finished-at="2025-11-14T16:14:51 IST" duration-ms="24953" status="PASS">
          <params>
            <param index="0">
              <value>
                <![CDATA["Verify train search with valid source and destination"]]>
              </value>
            </param>
            <param index="1">
              <value>
                <![CDATA["Train Functionality"]]>
              </value>
            </param>
          </params>
          <reporter-output>
          </reporter-output>
        </test-method> <!-- runScenario -->
        <test-method signature="runScenario(io.cucumber.testng.PickleWrapper,io.cucumber.testng.FeatureWrapper)[pri:0, instance:com.runner.TestRunnerTestNG@30c15d8b]" started-at="2025-11-14T16:14:51 IST" name="runScenario" description="Runs Cucumber Scenarios" data-provider="scenarios" finished-at="2025-11-14T16:15:17 IST" duration-ms="26768" status="PASS">
          <params>
            <param index="0">
              <value>
                <![CDATA["Verify train search with valid source and destination"]]>
              </value>
            </param>
            <param index="1">
              <value>
                <![CDATA["Train Functionality"]]>
              </value>
            </param>
          </params>
          <reporter-output>
          </reporter-output>
        </test-method> <!-- runScenario -->
        <test-method signature="runScenario(io.cucumber.testng.PickleWrapper,io.cucumber.testng.FeatureWrapper)[pri:0, instance:com.runner.TestRunnerTestNG@30c15d8b]" started-at="2025-11-14T16:15:17 IST" name="runScenario" description="Runs Cucumber Scenarios" data-provider="scenarios" finished-at="2025-11-14T16:15:42 IST" duration-ms="24847" status="PASS">
          <params>
            <param index="0">
              <value>
                <![CDATA["Verify train search with valid source and destination"]]>
              </value>
            </param>
            <param index="1">
              <value>
                <![CDATA["Train Functionality"]]>
              </value>
            </param>
          </params>
          <reporter-output>
          </reporter-output>
        </test-method> <!-- runScenario -->
        <test-method is-config="true" signature="tearDownClass()[pri:0, instance:com.runner.TestRunnerTestNG@30c15d8b]" started-at="2025-11-14T16:15:42 IST" name="tearDownClass" finished-at="2025-11-14T16:15:43 IST" duration-ms="436" status="PASS">
          <reporter-output>
          </reporter-output>
        </test-method> <!-- tearDownClass -->
      </class> <!-- com.runner.TestRunnerTestNG -->
    </test> <!-- Default test -->
  </suite> <!-- Default suite -->
</testng-results>
