<?xml version="1.0" encoding="UTF-8"?>
<testng-results ignored="0" total="13" passed="13" failed="0" skipped="0">
  <reporter-output>
  </reporter-output>
  <suite started-at="2025-11-16T22:40:39 IST" name="Default suite" finished-at="2025-11-16T22:47:30 IST" duration-ms="411785">
    <groups>
      <group name="cucumber">
        <method signature="AbstractTestNGCucumberTests.runScenario(io.cucumber.testng.PickleWrapper,io.cucumber.testng.FeatureWrapper)[pri:0, instance:com.runner.TestRunnerTestNG@54d9d12d]" name="runScenario" class="io.cucumber.testng.AbstractTestNGCucumberTests"/>
      </group> <!-- cucumber -->
    </groups>
    <test started-at="2025-11-16T22:40:39 IST" name="Default test" finished-at="2025-11-16T22:47:30 IST" duration-ms="411785">
      <class name="com.runner.TestRunnerTestNG">
        <test-method is-config="true" signature="setUpClass(org.testng.ITestContext)[pri:0, instance:com.runner.TestRunnerTestNG@54d9d12d]" started-at="2025-11-16T22:40:39 IST" name="setUpClass" finished-at="2025-11-16T22:40:40 IST" duration-ms="966" status="PASS">
          <params>
            <param index="0">
              <value>
                <![CDATA[org.testng.TestRunner@5eba9e41]]>
              </value>
            </param>
          </params>
          <reporter-output>
          </reporter-output>
        </test-method> <!-- setUpClass -->
        <test-method signature="runScenario(io.cucumber.testng.PickleWrapper,io.cucumber.testng.FeatureWrapper)[pri:0, instance:com.runner.TestRunnerTestNG@54d9d12d]" started-at="2025-11-16T22:40:40 IST" name="runScenario" description="Runs Cucumber Scenarios" data-provider="scenarios" finished-at="2025-11-16T22:41:00 IST" duration-ms="20623" status="PASS">
          <params>
            <param index="0">
              <value>
                <![CDATA["Verify that entering a valid train number displays the platform number."]]>
              </value>
            </param>
            <param index="1">
              <value>
                <![CDATA["Train Functionality"]]>
              </value>
            </param>
          </params>
          <reporter-output>
          </reporter-output>
        </test-method> <!-- runScenario -->
        <test-method signature="runScenario(io.cucumber.testng.PickleWrapper,io.cucumber.testng.FeatureWrapper)[pri:0, instance:com.runner.TestRunnerTestNG@54d9d12d]" started-at="2025-11-16T22:41:00 IST" name="runScenario" description="Runs Cucumber Scenarios" data-provider="scenarios" finished-at="2025-11-16T22:41:35 IST" duration-ms="34654" status="PASS">
          <params>
            <param index="0">
              <value>
                <![CDATA["Book Now button should be visible and clickable for each available train"]]>
              </value>
            </param>
            <param index="1">
              <value>
                <![CDATA["Train Functionality"]]>
              </value>
            </param>
          </params>
          <reporter-output>
          </reporter-output>
        </test-method> <!-- runScenario -->
        <test-method signature="runScenario(io.cucumber.testng.PickleWrapper,io.cucumber.testng.FeatureWrapper)[pri:0, instance:com.runner.TestRunnerTestNG@54d9d12d]" started-at="2025-11-16T22:41:35 IST" name="runScenario" description="Runs Cucumber Scenarios" data-provider="scenarios" finished-at="2025-11-16T22:42:04 IST" duration-ms="29286" status="PASS">
          <params>
            <param index="0">
              <value>
                <![CDATA["Verify download prompt appears after clicking check status"]]>
              </value>
            </param>
            <param index="1">
              <value>
                <![CDATA["Train Functionality"]]>
              </value>
            </param>
          </params>
          <reporter-output>
          </reporter-output>
        </test-method> <!-- runScenario -->
        <test-method signature="runScenario(io.cucumber.testng.PickleWrapper,io.cucumber.testng.FeatureWrapper)[pri:0, instance:com.runner.TestRunnerTestNG@54d9d12d]" started-at="2025-11-16T22:42:04 IST" name="runScenario" description="Runs Cucumber Scenarios" data-provider="scenarios" finished-at="2025-11-16T22:42:44 IST" duration-ms="40122" status="PASS">
          <params>
            <param index="0">
              <value>
                <![CDATA["Verify train search with valid source and destination"]]>
              </value>
            </param>
            <param index="1">
              <value>
                <![CDATA["Train Functionality"]]>
              </value>
            </param>
          </params>
          <reporter-output>
          </reporter-output>
        </test-method> <!-- runScenario -->
        <test-method signature="runScenario(io.cucumber.testng.PickleWrapper,io.cucumber.testng.FeatureWrapper)[pri:0, instance:com.runner.TestRunnerTestNG@54d9d12d]" started-at="2025-11-16T22:42:44 IST" name="runScenario" description="Runs Cucumber Scenarios" data-provider="scenarios" finished-at="2025-11-16T22:43:22 IST" duration-ms="37642" status="PASS">
          <params>
            <param index="0">
              <value>
                <![CDATA["Verify train search with valid source and destination"]]>
              </value>
            </param>
            <param index="1">
              <value>
                <![CDATA["Train Functionality"]]>
              </value>
            </param>
          </params>
          <reporter-output>
          </reporter-output>
        </test-method> <!-- runScenario -->
        <test-method signature="runScenario(io.cucumber.testng.PickleWrapper,io.cucumber.testng.FeatureWrapper)[pri:0, instance:com.runner.TestRunnerTestNG@54d9d12d]" started-at="2025-11-16T22:43:22 IST" name="runScenario" description="Runs Cucumber Scenarios" data-provider="scenarios" finished-at="2025-11-16T22:44:07 IST" duration-ms="44960" status="PASS">
          <params>
            <param index="0">
              <value>
                <![CDATA["Verify train search with valid source and destination"]]>
              </value>
            </param>
            <param index="1">
              <value>
                <![CDATA["Train Functionality"]]>
              </value>
            </param>
          </params>
          <reporter-output>
          </reporter-output>
        </test-method> <!-- runScenario -->
        <test-method signature="runScenario(io.cucumber.testng.PickleWrapper,io.cucumber.testng.FeatureWrapper)[pri:0, instance:com.runner.TestRunnerTestNG@54d9d12d]" started-at="2025-11-16T22:44:07 IST" name="runScenario" description="Runs Cucumber Scenarios" data-provider="scenarios" finished-at="2025-11-16T22:44:30 IST" duration-ms="23183" status="PASS">
          <params>
            <param index="0">
              <value>
                <![CDATA["Verify seat availability with train name"]]>
              </value>
            </param>
            <param index="1">
              <value>
                <![CDATA["Train Functionality"]]>
              </value>
            </param>
          </params>
          <reporter-output>
          </reporter-output>
        </test-method> <!-- runScenario -->
        <test-method signature="runScenario(io.cucumber.testng.PickleWrapper,io.cucumber.testng.FeatureWrapper)[pri:0, instance:com.runner.TestRunnerTestNG@54d9d12d]" started-at="2025-11-16T22:44:30 IST" name="runScenario" description="Runs Cucumber Scenarios" data-provider="scenarios" finished-at="2025-11-16T22:44:55 IST" duration-ms="24935" status="PASS">
          <params>
            <param index="0">
              <value>
                <![CDATA["Verify seat availability with train name"]]>
              </value>
            </param>
            <param index="1">
              <value>
                <![CDATA["Train Functionality"]]>
              </value>
            </param>
          </params>
          <reporter-output>
          </reporter-output>
        </test-method> <!-- runScenario -->
        <test-method signature="runScenario(io.cucumber.testng.PickleWrapper,io.cucumber.testng.FeatureWrapper)[pri:0, instance:com.runner.TestRunnerTestNG@54d9d12d]" started-at="2025-11-16T22:44:55 IST" name="runScenario" description="Runs Cucumber Scenarios" data-provider="scenarios" finished-at="2025-11-16T22:45:21 IST" duration-ms="26315" status="PASS">
          <params>
            <param index="0">
              <value>
                <![CDATA["Verify seat availability with train name"]]>
              </value>
            </param>
            <param index="1">
              <value>
                <![CDATA["Train Functionality"]]>
              </value>
            </param>
          </params>
          <reporter-output>
          </reporter-output>
        </test-method> <!-- runScenario -->
        <test-method signature="runScenario(io.cucumber.testng.PickleWrapper,io.cucumber.testng.FeatureWrapper)[pri:0, instance:com.runner.TestRunnerTestNG@54d9d12d]" started-at="2025-11-16T22:45:21 IST" name="runScenario" description="Runs Cucumber Scenarios" data-provider="scenarios" finished-at="2025-11-16T22:45:52 IST" duration-ms="30790" status="PASS">
          <params>
            <param index="0">
              <value>
                <![CDATA["Verify train search with same source and destination"]]>
              </value>
            </param>
            <param index="1">
              <value>
                <![CDATA["Train Functionality"]]>
              </value>
            </param>
          </params>
          <reporter-output>
          </reporter-output>
        </test-method> <!-- runScenario -->
        <test-method signature="runScenario(io.cucumber.testng.PickleWrapper,io.cucumber.testng.FeatureWrapper)[pri:0, instance:com.runner.TestRunnerTestNG@54d9d12d]" started-at="2025-11-16T22:45:52 IST" name="runScenario" description="Runs Cucumber Scenarios" data-provider="scenarios" finished-at="2025-11-16T22:46:25 IST" duration-ms="33177" status="PASS">
          <params>
            <param index="0">
              <value>
                <![CDATA["Verify train search with same source and destination"]]>
              </value>
            </param>
            <param index="1">
              <value>
                <![CDATA["Train Functionality"]]>
              </value>
            </param>
          </params>
          <reporter-output>
          </reporter-output>
        </test-method> <!-- runScenario -->
        <test-method signature="runScenario(io.cucumber.testng.PickleWrapper,io.cucumber.testng.FeatureWrapper)[pri:0, instance:com.runner.TestRunnerTestNG@54d9d12d]" started-at="2025-11-16T22:46:25 IST" name="runScenario" description="Runs Cucumber Scenarios" data-provider="scenarios" finished-at="2025-11-16T22:46:56 IST" duration-ms="30482" status="PASS">
          <params>
            <param index="0">
              <value>
                <![CDATA["Verify train search with same source and destination"]]>
              </value>
            </param>
            <param index="1">
              <value>
                <![CDATA["Train Functionality"]]>
              </value>
            </param>
          </params>
          <reporter-output>
          </reporter-output>
        </test-method> <!-- runScenario -->
        <test-method signature="runScenario(io.cucumber.testng.PickleWrapper,io.cucumber.testng.FeatureWrapper)[pri:0, instance:com.runner.TestRunnerTestNG@54d9d12d]" started-at="2025-11-16T22:46:56 IST" name="runScenario" description="Runs Cucumber Scenarios" data-provider="scenarios" finished-at="2025-11-16T22:47:30 IST" duration-ms="33938" status="PASS">
          <params>
            <param index="0">
              <value>
                <![CDATA["Verify that sorting trains by Arrival Time works correctly"]]>
              </value>
            </param>
            <param index="1">
              <value>
                <![CDATA["Train Functionality"]]>
              </value>
            </param>
          </params>
          <reporter-output>
          </reporter-output>
        </test-method> <!-- runScenario -->
        <test-method is-config="true" signature="tearDownClass()[pri:0, instance:com.runner.TestRunnerTestNG@54d9d12d]" started-at="2025-11-16T22:47:30 IST" name="tearDownClass" finished-at="2025-11-16T22:47:30 IST" duration-ms="632" status="PASS">
          <reporter-output>
          </reporter-output>
        </test-method> <!-- tearDownClass -->
      </class> <!-- com.runner.TestRunnerTestNG -->
    </test> <!-- Default test -->
  </suite> <!-- Default suite -->
</testng-results>
